[0m2021.11.18 17:06:52 INFO  Started: Metals version 0.10.9 in workspace '/Users/artem/Projects/Functional Programming/Lab3' for client Visual Studio Code 1.61.2.[0m
[0m2021.11.18 17:06:56 INFO  time: initialize in 4.56s[0m
[0m2021.11.18 17:06:57 WARN  Build server is not auto-connectable.[0m
[0m2021.11.18 17:06:57 WARN  no build tool detected in workspace '/Users/artem/Projects/Functional Programming/Lab3'. The most common cause for this problem is that the editor was opened in the wrong working directory, for example if you use sbt then the workspace directory should contain build.sbt. [0m
[0m2021.11.18 17:06:58 WARN  no build target for: /Users/artem/Projects/Functional Programming/Lab3/src/main/scala/RecursiveData.scala[0m
[0m2021.11.18 17:07:04 INFO  no build target: using presentation compiler with only scala-library: 3.1.0[0m
[0m2021.11.18 17:07:08 INFO  time: code lens generation in 10s[0m
[0m2021.11.18 17:07:16 WARN  no build target for: /Users/artem/Projects/Functional Programming/Lab2/build.sbt[0m
[0m2021.11.18 17:07:33 WARN  no build target for: /Users/artem/Projects/Functional Programming/Lab3/build.sbt[0m
нояб. 18, 2021 5:07:41 PM org.eclipse.lsp4j.jsonrpc.RemoteEndpoint handleCancellation
WARNING: Unmatched cancel notification for request id 11
[0m2021.11.19 18:47:54 INFO  shutting down Metals[0m
[0m2021.11.20 12:18:18 INFO  Started: Metals version 0.10.9 in workspace '/Users/artem/Projects/Functional Programming/Lab3' for client Visual Studio Code 1.62.2.[0m
[0m2021.11.20 12:18:23 INFO  time: initialize in 4.59s[0m
[0m2021.11.20 12:18:23 WARN  Build server is not auto-connectable.[0m
[0m2021.11.20 12:18:24 WARN  no build target for: /Users/artem/Projects/Functional Programming/Lab3/src/main/scala/RecursiveData.scala[0m
[0m2021.11.20 12:18:24 INFO  skipping build import with status 'Requested'[0m
[0m2021.11.20 12:18:31 INFO  no build target: using presentation compiler with only scala-library: 3.1.0[0m
нояб. 20, 2021 12:18:33 PM org.eclipse.lsp4j.jsonrpc.RemoteEndpoint handleCancellation
WARNING: Unmatched cancel notification for request id 1
нояб. 20, 2021 12:18:33 PM org.eclipse.lsp4j.jsonrpc.RemoteEndpoint handleCancellation
WARNING: Unmatched cancel notification for request id 7
нояб. 20, 2021 12:18:33 PM org.eclipse.lsp4j.jsonrpc.RemoteEndpoint handleCancellation
WARNING: Unmatched cancel notification for request id 8
нояб. 20, 2021 12:18:33 PM org.eclipse.lsp4j.jsonrpc.RemoteEndpoint handleCancellation
WARNING: Unmatched cancel notification for request id 11
нояб. 20, 2021 12:18:33 PM org.eclipse.lsp4j.jsonrpc.RemoteEndpoint handleCancellation
WARNING: Unmatched cancel notification for request id 23
нояб. 20, 2021 12:18:33 PM org.eclipse.lsp4j.jsonrpc.RemoteEndpoint handleCancellation
WARNING: Unmatched cancel notification for request id 25
[0m2021.11.20 12:18:35 INFO  time: code lens generation in 11s[0m
[0m2021.11.20 12:18:35 INFO  time: code lens generation in 2.31s[0m
[0m2021.11.20 12:18:35 INFO  time: code lens generation in 2.52s[0m
[0m2021.11.20 12:18:35 INFO  time: code lens generation in 2.16s[0m
[0m2021.11.20 12:18:35 INFO  time: code lens generation in 2.05s[0m
[0m2021.11.20 12:18:35 INFO  time: code lens generation in 2.08s[0m
[0m2021.11.20 12:18:35 INFO  time: code lens generation in 2.23s[0m
[0m2021.11.20 12:18:35 INFO  time: code lens generation in 2.12s[0m
[0m2021.11.20 12:18:35 INFO  time: code lens generation in 2.09s[0m
[0m2021.11.20 12:18:35 INFO  time: code lens generation in 2.19s[0m
[0m2021.11.20 12:18:35 INFO  time: code lens generation in 2.15s[0m
[0m2021.11.20 12:18:54 WARN  no build target for: /Users/artem/Projects/Functional Programming/Lab3/src/main/scala/RecursiveData.scala[0m
[0m2021.11.20 12:19:10 WARN  no build target for: /Users/artem/Projects/Functional Programming/Lab3/src/main/scala/RecursiveData.scala[0m
[0m2021.11.20 12:19:57 WARN  no build target for: /Users/artem/Projects/Functional Programming/Lab3/src/main/scala/Compositions.scala[0m
Exception in thread "pool-3-thread-1" dotty.tools.dotc.core.TypeError: bad parameter reference A at typer
the parameter is type A in class Some but the prefix <noprefix>
does not define any corresponding arguments.
idx = 0, args = List()
	at dotty.tools.dotc.core.Types$NamedType.argDenot(Types.scala:2304)
	at dotty.tools.dotc.core.Types$NamedType.fromDesignator$1(Types.scala:2218)
	at dotty.tools.dotc.core.Types$NamedType.computeDenot(Types.scala:2236)
	at dotty.tools.dotc.core.Types$NamedType.denot(Types.scala:2191)
	at dotty.tools.dotc.core.Types$NamedType.info(Types.scala:2179)
	at dotty.tools.dotc.core.Types$Type.dealias1(Types.scala:1361)
	at dotty.tools.dotc.core.Types$Type.dealias(Types.scala:1384)
	at dotty.tools.dotc.core.Definitions.isTupleNType(Definitions.scala:1476)
	at dotty.tools.dotc.printing.RefinedPrinter.toTextFunction$1$$anonfun$1(RefinedPrinter.scala:150)
	at dotty.tools.dotc.printing.Printer.atPrec(Printer.scala:43)
	at dotty.tools.dotc.printing.Printer.changePrec(Printer.scala:72)
	at dotty.tools.dotc.printing.RefinedPrinter.toTextFunction$2(RefinedPrinter.scala:160)
	at dotty.tools.dotc.printing.RefinedPrinter.appliedText$2(RefinedPrinter.scala:222)
	at dotty.tools.dotc.printing.RefinedPrinter.toText$$anonfun$1(RefinedPrinter.scala:234)
	at dotty.tools.dotc.printing.MessageLimiter.controlled(MessageLimiter.scala:23)
	at dotty.tools.dotc.printing.PlainPrinter.controlled(PlainPrinter.scala:35)
	at dotty.tools.dotc.printing.RefinedPrinter.toText(RefinedPrinter.scala:300)
	at scala.meta.internal.pc.SymbolPrinter.typeString(SymbolPrinter.scala:25)
	at scala.meta.internal.pc.SymbolPrinter.shortTypeString$1(SymbolPrinter.scala:43)
	at scala.meta.internal.pc.SymbolPrinter.hoverDetailString(SymbolPrinter.scala:71)
	at scala.meta.internal.pc.ScalaPresentationCompiler.$anonfun$9(ScalaPresentationCompiler.scala:337)
	at scala.Option.map(Option.scala:242)
	at scala.meta.internal.pc.ScalaPresentationCompiler.hover$$anonfun$1(ScalaPresentationCompiler.scala:341)
	at scala.meta.internal.pc.CompilerAccess.withSharedCompiler(CompilerAccess.scala:137)
	at scala.meta.internal.pc.CompilerAccess.withNonInterruptableCompiler$$anonfun$1(CompilerAccess.scala:125)
	at scala.meta.internal.pc.CompilerAccess.onCompilerJobQueue$$anonfun$1(CompilerAccess.scala:197)
	at scala.meta.internal.pc.CompilerJobQueue$Job.run(CompilerJobQueue.scala:139)
	at java.base/java.util.concurrent.ThreadPoolExecutor.runWorker(ThreadPoolExecutor.java:1128)
	at java.base/java.util.concurrent.ThreadPoolExecutor$Worker.run(ThreadPoolExecutor.java:628)
	at java.base/java.lang.Thread.run(Thread.java:829)
Exception in thread "pool-3-thread-2" dotty.tools.dotc.core.TypeError: bad parameter reference A at typer
the parameter is type A in class Some but the prefix <noprefix>
does not define any corresponding arguments.
idx = 0, args = List()
	at dotty.tools.dotc.core.Types$NamedType.argDenot(Types.scala:2304)
	at dotty.tools.dotc.core.Types$NamedType.fromDesignator$1(Types.scala:2218)
	at dotty.tools.dotc.core.Types$NamedType.computeDenot(Types.scala:2236)
	at dotty.tools.dotc.core.Types$NamedType.denot(Types.scala:2191)
	at dotty.tools.dotc.core.Types$NamedType.info(Types.scala:2179)
	at dotty.tools.dotc.core.Types$Type.dealias1(Types.scala:1361)
	at dotty.tools.dotc.core.Types$Type.dealias(Types.scala:1384)
	at dotty.tools.dotc.core.Definitions.isTupleNType(Definitions.scala:1476)
	at dotty.tools.dotc.printing.RefinedPrinter.toTextFunction$1$$anonfun$1(RefinedPrinter.scala:150)
	at dotty.tools.dotc.printing.Printer.atPrec(Printer.scala:43)
	at dotty.tools.dotc.printing.Printer.changePrec(Printer.scala:72)
	at dotty.tools.dotc.printing.RefinedPrinter.toTextFunction$2(RefinedPrinter.scala:160)
	at dotty.tools.dotc.printing.RefinedPrinter.appliedText$2(RefinedPrinter.scala:222)
	at dotty.tools.dotc.printing.RefinedPrinter.toText$$anonfun$1(RefinedPrinter.scala:234)
	at dotty.tools.dotc.printing.MessageLimiter.controlled(MessageLimiter.scala:23)
	at dotty.tools.dotc.printing.PlainPrinter.controlled(PlainPrinter.scala:35)
	at dotty.tools.dotc.printing.RefinedPrinter.toText(RefinedPrinter.scala:300)
	at scala.meta.internal.pc.SymbolPrinter.typeString(SymbolPrinter.scala:25)
	at scala.meta.internal.pc.SymbolPrinter.paramLabel(SymbolPrinter.scala:253)
	at scala.meta.internal.pc.SymbolPrinter.$anonfun$7(SymbolPrinter.scala:144)
	at scala.collection.immutable.List.flatMap(List.scala:293)
	at scala.meta.internal.pc.SymbolPrinter.label$2$$anonfun$1(SymbolPrinter.scala:144)
	at scala.collection.immutable.List.flatMap(List.scala:293)
	at scala.meta.internal.pc.SymbolPrinter.label$1(SymbolPrinter.scala:148)
	at scala.meta.internal.pc.SymbolPrinter.defaultMethodSignature(SymbolPrinter.scala:151)
	at scala.meta.internal.pc.SymbolPrinter.hoverDetailString(SymbolPrinter.scala:64)
	at scala.meta.internal.pc.ScalaPresentationCompiler.$anonfun$9(ScalaPresentationCompiler.scala:337)
	at scala.Option.map(Option.scala:242)
	at scala.meta.internal.pc.ScalaPresentationCompiler.hover$$anonfun$1(ScalaPresentationCompiler.scala:341)
	at scala.meta.internal.pc.CompilerAccess.withSharedCompiler(CompilerAccess.scala:137)
	at scala.meta.internal.pc.CompilerAccess.withNonInterruptableCompiler$$anonfun$1(CompilerAccess.scala:125)
	at scala.meta.internal.pc.CompilerAccess.onCompilerJobQueue$$anonfun$1(CompilerAccess.scala:197)
	at scala.meta.internal.pc.CompilerJobQueue$Job.run(CompilerJobQueue.scala:139)
	at java.base/java.util.concurrent.ThreadPoolExecutor.runWorker(ThreadPoolExecutor.java:1128)
	at java.base/java.util.concurrent.ThreadPoolExecutor$Worker.run(ThreadPoolExecutor.java:628)
	at java.base/java.lang.Thread.run(Thread.java:829)
Exception in thread "pool-3-thread-3" dotty.tools.dotc.core.TypeError: bad parameter reference A at typer
the parameter is type A in class Some but the prefix <noprefix>
does not define any corresponding arguments.
idx = 0, args = List()
	at dotty.tools.dotc.core.Types$NamedType.argDenot(Types.scala:2304)
	at dotty.tools.dotc.core.Types$NamedType.fromDesignator$1(Types.scala:2218)
	at dotty.tools.dotc.core.Types$NamedType.computeDenot(Types.scala:2236)
	at dotty.tools.dotc.core.Types$NamedType.denot(Types.scala:2191)
	at dotty.tools.dotc.core.Types$NamedType.info(Types.scala:2179)
	at dotty.tools.dotc.core.Types$Type.dealias1(Types.scala:1361)
	at dotty.tools.dotc.core.Types$Type.dealias(Types.scala:1384)
	at dotty.tools.dotc.core.Definitions.isTupleNType(Definitions.scala:1476)
	at dotty.tools.dotc.printing.RefinedPrinter.toTextFunction$1$$anonfun$1(RefinedPrinter.scala:150)
	at dotty.tools.dotc.printing.Printer.atPrec(Printer.scala:43)
	at dotty.tools.dotc.printing.Printer.changePrec(Printer.scala:72)
	at dotty.tools.dotc.printing.RefinedPrinter.toTextFunction$2(RefinedPrinter.scala:160)
	at dotty.tools.dotc.printing.RefinedPrinter.appliedText$2(RefinedPrinter.scala:222)
	at dotty.tools.dotc.printing.RefinedPrinter.toText$$anonfun$1(RefinedPrinter.scala:234)
	at dotty.tools.dotc.printing.MessageLimiter.controlled(MessageLimiter.scala:23)
	at dotty.tools.dotc.printing.PlainPrinter.controlled(PlainPrinter.scala:35)
	at dotty.tools.dotc.printing.RefinedPrinter.toText(RefinedPrinter.scala:300)
	at scala.meta.internal.pc.SymbolPrinter.typeString(SymbolPrinter.scala:25)
	at scala.meta.internal.pc.SymbolPrinter.shortTypeString$1(SymbolPrinter.scala:43)
	at scala.meta.internal.pc.SymbolPrinter.hoverDetailString(SymbolPrinter.scala:71)
	at scala.meta.internal.pc.ScalaPresentationCompiler.$anonfun$9(ScalaPresentationCompiler.scala:337)
	at scala.Option.map(Option.scala:242)
	at scala.meta.internal.pc.ScalaPresentationCompiler.hover$$anonfun$1(ScalaPresentationCompiler.scala:341)
	at scala.meta.internal.pc.CompilerAccess.withSharedCompiler(CompilerAccess.scala:137)
	at scala.meta.internal.pc.CompilerAccess.withNonInterruptableCompiler$$anonfun$1(CompilerAccess.scala:125)
	at scala.meta.internal.pc.CompilerAccess.onCompilerJobQueue$$anonfun$1(CompilerAccess.scala:197)
	at scala.meta.internal.pc.CompilerJobQueue$Job.run(CompilerJobQueue.scala:139)
	at java.base/java.util.concurrent.ThreadPoolExecutor.runWorker(ThreadPoolExecutor.java:1128)
	at java.base/java.util.concurrent.ThreadPoolExecutor$Worker.run(ThreadPoolExecutor.java:628)
	at java.base/java.lang.Thread.run(Thread.java:829)
Exception in thread "pool-3-thread-4" dotty.tools.dotc.core.TypeError: bad parameter reference A at typer
the parameter is type A in class Some but the prefix <noprefix>
does not define any corresponding arguments.
idx = 0, args = List()
	at dotty.tools.dotc.core.Types$NamedType.argDenot(Types.scala:2304)
	at dotty.tools.dotc.core.Types$NamedType.fromDesignator$1(Types.scala:2218)
	at dotty.tools.dotc.core.Types$NamedType.computeDenot(Types.scala:2236)
	at dotty.tools.dotc.core.Types$NamedType.denot(Types.scala:2191)
	at dotty.tools.dotc.core.Types$NamedType.info(Types.scala:2179)
	at dotty.tools.dotc.core.Types$Type.dealias1(Types.scala:1361)
	at dotty.tools.dotc.core.Types$Type.dealias(Types.scala:1384)
	at dotty.tools.dotc.core.Definitions.isTupleNType(Definitions.scala:1476)
	at dotty.tools.dotc.printing.RefinedPrinter.toTextFunction$1$$anonfun$1(RefinedPrinter.scala:150)
	at dotty.tools.dotc.printing.Printer.atPrec(Printer.scala:43)
	at dotty.tools.dotc.printing.Printer.changePrec(Printer.scala:72)
	at dotty.tools.dotc.printing.RefinedPrinter.toTextFunction$2(RefinedPrinter.scala:160)
	at dotty.tools.dotc.printing.RefinedPrinter.appliedText$2(RefinedPrinter.scala:222)
	at dotty.tools.dotc.printing.RefinedPrinter.toText$$anonfun$1(RefinedPrinter.scala:234)
	at dotty.tools.dotc.printing.MessageLimiter.controlled(MessageLimiter.scala:23)
	at dotty.tools.dotc.printing.PlainPrinter.controlled(PlainPrinter.scala:35)
	at dotty.tools.dotc.printing.RefinedPrinter.toText(RefinedPrinter.scala:300)
	at scala.meta.internal.pc.SymbolPrinter.typeString(SymbolPrinter.scala:25)
	at scala.meta.internal.pc.SymbolPrinter.shortTypeString$1(SymbolPrinter.scala:43)
	at scala.meta.internal.pc.SymbolPrinter.hoverDetailString(SymbolPrinter.scala:71)
	at scala.meta.internal.pc.ScalaPresentationCompiler.$anonfun$9(ScalaPresentationCompiler.scala:337)
	at scala.Option.map(Option.scala:242)
	at scala.meta.internal.pc.ScalaPresentationCompiler.hover$$anonfun$1(ScalaPresentationCompiler.scala:341)
	at scala.meta.internal.pc.CompilerAccess.withSharedCompiler(CompilerAccess.scala:137)
	at scala.meta.internal.pc.CompilerAccess.withNonInterruptableCompiler$$anonfun$1(CompilerAccess.scala:125)
	at scala.meta.internal.pc.CompilerAccess.onCompilerJobQueue$$anonfun$1(CompilerAccess.scala:197)
	at scala.meta.internal.pc.CompilerJobQueue$Job.run(CompilerJobQueue.scala:139)
	at java.base/java.util.concurrent.ThreadPoolExecutor.runWorker(ThreadPoolExecutor.java:1128)
	at java.base/java.util.concurrent.ThreadPoolExecutor$Worker.run(ThreadPoolExecutor.java:628)
	at java.base/java.lang.Thread.run(Thread.java:829)
Exception in thread "pool-3-thread-5" dotty.tools.dotc.core.TypeError: bad parameter reference A at typer
the parameter is type A in class Some but the prefix <noprefix>
does not define any corresponding arguments.
idx = 0, args = List()
	at dotty.tools.dotc.core.Types$NamedType.argDenot(Types.scala:2304)
	at dotty.tools.dotc.core.Types$NamedType.fromDesignator$1(Types.scala:2218)
	at dotty.tools.dotc.core.Types$NamedType.computeDenot(Types.scala:2236)
	at dotty.tools.dotc.core.Types$NamedType.denot(Types.scala:2191)
	at dotty.tools.dotc.core.Types$NamedType.info(Types.scala:2179)
	at dotty.tools.dotc.core.Types$Type.dealias1(Types.scala:1361)
	at dotty.tools.dotc.core.Types$Type.dealias(Types.scala:1384)
	at dotty.tools.dotc.core.Definitions.isTupleNType(Definitions.scala:1476)
	at dotty.tools.dotc.printing.RefinedPrinter.toTextFunction$1$$anonfun$1(RefinedPrinter.scala:150)
	at dotty.tools.dotc.printing.Printer.atPrec(Printer.scala:43)
	at dotty.tools.dotc.printing.Printer.changePrec(Printer.scala:72)
	at dotty.tools.dotc.printing.RefinedPrinter.toTextFunction$2(RefinedPrinter.scala:160)
	at dotty.tools.dotc.printing.RefinedPrinter.appliedText$2(RefinedPrinter.scala:222)
	at dotty.tools.dotc.printing.RefinedPrinter.toText$$anonfun$1(RefinedPrinter.scala:234)
	at dotty.tools.dotc.printing.MessageLimiter.controlled(MessageLimiter.scala:23)
	at dotty.tools.dotc.printing.PlainPrinter.controlled(PlainPrinter.scala:35)
	at dotty.tools.dotc.printing.RefinedPrinter.toText(RefinedPrinter.scala:300)
	at scala.meta.internal.pc.SymbolPrinter.typeString(SymbolPrinter.scala:25)
	at scala.meta.internal.pc.SymbolPrinter.paramLabel(SymbolPrinter.scala:253)
	at scala.meta.internal.pc.SymbolPrinter.$anonfun$7(SymbolPrinter.scala:144)
	at scala.collection.immutable.List.flatMap(List.scala:293)
	at scala.meta.internal.pc.SymbolPrinter.label$2$$anonfun$1(SymbolPrinter.scala:144)
	at scala.collection.immutable.List.flatMap(List.scala:293)
	at scala.meta.internal.pc.SymbolPrinter.label$1(SymbolPrinter.scala:148)
	at scala.meta.internal.pc.SymbolPrinter.defaultMethodSignature(SymbolPrinter.scala:151)
	at scala.meta.internal.pc.SymbolPrinter.hoverDetailString(SymbolPrinter.scala:64)
	at scala.meta.internal.pc.ScalaPresentationCompiler.$anonfun$9(ScalaPresentationCompiler.scala:337)
	at scala.Option.map(Option.scala:242)
	at scala.meta.internal.pc.ScalaPresentationCompiler.hover$$anonfun$1(ScalaPresentationCompiler.scala:341)
	at scala.meta.internal.pc.CompilerAccess.withSharedCompiler(CompilerAccess.scala:137)
	at scala.meta.internal.pc.CompilerAccess.withNonInterruptableCompiler$$anonfun$1(CompilerAccess.scala:125)
	at scala.meta.internal.pc.CompilerAccess.onCompilerJobQueue$$anonfun$1(CompilerAccess.scala:197)
	at scala.meta.internal.pc.CompilerJobQueue$Job.run(CompilerJobQueue.scala:139)
	at java.base/java.util.concurrent.ThreadPoolExecutor.runWorker(ThreadPoolExecutor.java:1128)
	at java.base/java.util.concurrent.ThreadPoolExecutor$Worker.run(ThreadPoolExecutor.java:628)
	at java.base/java.lang.Thread.run(Thread.java:829)
Exception in thread "pool-3-thread-6" dotty.tools.dotc.core.TypeError: bad parameter reference A at typer
the parameter is type A in class Some but the prefix <noprefix>
does not define any corresponding arguments.
idx = 0, args = List()
	at dotty.tools.dotc.core.Types$NamedType.argDenot(Types.scala:2304)
	at dotty.tools.dotc.core.Types$NamedType.fromDesignator$1(Types.scala:2218)
	at dotty.tools.dotc.core.Types$NamedType.computeDenot(Types.scala:2236)
	at dotty.tools.dotc.core.Types$NamedType.denot(Types.scala:2191)
	at dotty.tools.dotc.core.Types$NamedType.info(Types.scala:2179)
	at dotty.tools.dotc.core.Types$Type.dealias1(Types.scala:1361)
	at dotty.tools.dotc.core.Types$Type.dealias(Types.scala:1384)
	at dotty.tools.dotc.core.Definitions.isTupleNType(Definitions.scala:1476)
	at dotty.tools.dotc.printing.RefinedPrinter.toTextFunction$1$$anonfun$1(RefinedPrinter.scala:150)
	at dotty.tools.dotc.printing.Printer.atPrec(Printer.scala:43)
	at dotty.tools.dotc.printing.Printer.changePrec(Printer.scala:72)
	at dotty.tools.dotc.printing.RefinedPrinter.toTextFunction$2(RefinedPrinter.scala:160)
	at dotty.tools.dotc.printing.RefinedPrinter.appliedText$2(RefinedPrinter.scala:222)
	at dotty.tools.dotc.printing.RefinedPrinter.toText$$anonfun$1(RefinedPrinter.scala:234)
	at dotty.tools.dotc.printing.MessageLimiter.controlled(MessageLimiter.scala:23)
	at dotty.tools.dotc.printing.PlainPrinter.controlled(PlainPrinter.scala:35)
	at dotty.tools.dotc.printing.RefinedPrinter.toText(RefinedPrinter.scala:300)
	at scala.meta.internal.pc.SymbolPrinter.typeString(SymbolPrinter.scala:25)
	at scala.meta.internal.pc.SymbolPrinter.shortTypeString$1(SymbolPrinter.scala:43)
	at scala.meta.internal.pc.SymbolPrinter.hoverDetailString(SymbolPrinter.scala:71)
	at scala.meta.internal.pc.ScalaPresentationCompiler.$anonfun$9(ScalaPresentationCompiler.scala:337)
	at scala.Option.map(Option.scala:242)
	at scala.meta.internal.pc.ScalaPresentationCompiler.hover$$anonfun$1(ScalaPresentationCompiler.scala:341)
	at scala.meta.internal.pc.CompilerAccess.withSharedCompiler(CompilerAccess.scala:137)
	at scala.meta.internal.pc.CompilerAccess.withNonInterruptableCompiler$$anonfun$1(CompilerAccess.scala:125)
	at scala.meta.internal.pc.CompilerAccess.onCompilerJobQueue$$anonfun$1(CompilerAccess.scala:197)
	at scala.meta.internal.pc.CompilerJobQueue$Job.run(CompilerJobQueue.scala:139)
	at java.base/java.util.concurrent.ThreadPoolExecutor.runWorker(ThreadPoolExecutor.java:1128)
	at java.base/java.util.concurrent.ThreadPoolExecutor$Worker.run(ThreadPoolExecutor.java:628)
	at java.base/java.lang.Thread.run(Thread.java:829)
Exception in thread "pool-3-thread-7" dotty.tools.dotc.core.TypeError: bad parameter reference A at typer
the parameter is type A in class Some but the prefix <noprefix>
does not define any corresponding arguments.
idx = 0, args = List()
	at dotty.tools.dotc.core.Types$NamedType.argDenot(Types.scala:2304)
	at dotty.tools.dotc.core.Types$NamedType.fromDesignator$1(Types.scala:2218)
	at dotty.tools.dotc.core.Types$NamedType.computeDenot(Types.scala:2236)
	at dotty.tools.dotc.core.Types$NamedType.denot(Types.scala:2191)
	at dotty.tools.dotc.core.Types$NamedType.info(Types.scala:2179)
	at dotty.tools.dotc.core.Types$Type.dealias1(Types.scala:1361)
	at dotty.tools.dotc.core.Types$Type.dealias(Types.scala:1384)
	at dotty.tools.dotc.core.Definitions.isTupleNType(Definitions.scala:1476)
	at dotty.tools.dotc.printing.RefinedPrinter.toTextFunction$1$$anonfun$1(RefinedPrinter.scala:150)
	at dotty.tools.dotc.printing.Printer.atPrec(Printer.scala:43)
	at dotty.tools.dotc.printing.Printer.changePrec(Printer.scala:72)
	at dotty.tools.dotc.printing.RefinedPrinter.toTextFunction$2(RefinedPrinter.scala:160)
	at dotty.tools.dotc.printing.RefinedPrinter.appliedText$2(RefinedPrinter.scala:222)
	at dotty.tools.dotc.printing.RefinedPrinter.toText$$anonfun$1(RefinedPrinter.scala:234)
	at dotty.tools.dotc.printing.MessageLimiter.controlled(MessageLimiter.scala:23)
	at dotty.tools.dotc.printing.PlainPrinter.controlled(PlainPrinter.scala:35)
	at dotty.tools.dotc.printing.RefinedPrinter.toText(RefinedPrinter.scala:300)
	at scala.meta.internal.pc.SymbolPrinter.typeString(SymbolPrinter.scala:25)
	at scala.meta.internal.pc.SymbolPrinter.paramLabel(SymbolPrinter.scala:253)
	at scala.meta.internal.pc.SymbolPrinter.$anonfun$7(SymbolPrinter.scala:144)
	at scala.collection.immutable.List.flatMap(List.scala:293)
	at scala.meta.internal.pc.SymbolPrinter.label$2$$anonfun$1(SymbolPrinter.scala:144)
	at scala.collection.immutable.List.flatMap(List.scala:293)
	at scala.meta.internal.pc.SymbolPrinter.label$1(SymbolPrinter.scala:148)
	at scala.meta.internal.pc.SymbolPrinter.defaultMethodSignature(SymbolPrinter.scala:151)
	at scala.meta.internal.pc.SymbolPrinter.hoverDetailString(SymbolPrinter.scala:64)
	at scala.meta.internal.pc.ScalaPresentationCompiler.$anonfun$9(ScalaPresentationCompiler.scala:337)
	at scala.Option.map(Option.scala:242)
	at scala.meta.internal.pc.ScalaPresentationCompiler.hover$$anonfun$1(ScalaPresentationCompiler.scala:341)
	at scala.meta.internal.pc.CompilerAccess.withSharedCompiler(CompilerAccess.scala:137)
	at scala.meta.internal.pc.CompilerAccess.withNonInterruptableCompiler$$anonfun$1(CompilerAccess.scala:125)
	at scala.meta.internal.pc.CompilerAccess.onCompilerJobQueue$$anonfun$1(CompilerAccess.scala:197)
	at scala.meta.internal.pc.CompilerJobQueue$Job.run(CompilerJobQueue.scala:139)
	at java.base/java.util.concurrent.ThreadPoolExecutor.runWorker(ThreadPoolExecutor.java:1128)
	at java.base/java.util.concurrent.ThreadPoolExecutor$Worker.run(ThreadPoolExecutor.java:628)
	at java.base/java.lang.Thread.run(Thread.java:829)
нояб. 20, 2021 12:25:51 PM org.eclipse.lsp4j.jsonrpc.RemoteEndpoint handleCancellation
WARNING: Unmatched cancel notification for request id 349
[0m2021.11.20 12:25:57 WARN  no build target for: /Users/artem/Projects/Functional Programming/Lab3/src/main/scala/RecursiveFunc.scala[0m
[0m2021.11.20 12:27:02 INFO  shutting down Metals[0m
[0m2021.12.02 21:57:32 INFO  Started: Metals version 0.10.9 in workspace '/Users/artem/Projects/Functional Programming/Lab3' for client Visual Studio Code 1.62.2.[0m
[0m2021.12.02 21:57:37 INFO  time: initialize in 4.65s[0m
[0m2021.12.02 21:57:37 WARN  Build server is not auto-connectable.[0m
[0m2021.12.02 21:57:38 WARN  no build target for: /Users/artem/Projects/Functional Programming/Lab3/src/main/scala/RecursiveFunc.scala[0m
[0m2021.12.02 21:57:38 INFO  skipping build import with status 'Requested'[0m
[0m2021.12.02 21:57:40 INFO  shutting down Metals[0m
[0m2021.12.02 21:57:45 INFO  no build target: using presentation compiler with only scala-library: 3.1.0[0m
Exception in thread "pool-1-thread-6" java.lang.InterruptedException
	at java.base/java.util.concurrent.locks.AbstractQueuedSynchronizer.acquireSharedInterruptibly(AbstractQueuedSynchronizer.java:1343)
	at coursierapi.shaded.scala.concurrent.impl.Promise$DefaultPromise.tryAwait0(Promise.scala:207)
	at coursierapi.shaded.scala.concurrent.impl.Promise$DefaultPromise.result(Promise.scala:225)
	at coursierapi.shaded.scala.concurrent.Await$.$anonfun$result$1(package.scala:201)
	at coursierapi.shaded.scala.concurrent.BlockContext$DefaultBlockContext$.blockOn(BlockContext.scala:62)
	at coursierapi.shaded.scala.concurrent.Await$.result(package.scala:124)
	at coursierapi.shaded.coursier.Fetch$FetchTaskOps$.eitherResult$extension(Fetch.scala:311)
	at coursierapi.shaded.coursier.internal.api.ApiHelper$.doFetch(ApiHelper.scala:334)
	at coursierapi.shaded.coursier.internal.api.ApiHelper.doFetch(ApiHelper.scala)
	at coursierapi.Fetch.fetchResult(Fetch.java:244)
	at coursierapi.Fetch.fetch(Fetch.java:239)
	at scala.meta.internal.metals.Embedded$.downloadDependency(Embedded.scala:219)
	at scala.meta.internal.metals.Embedded$.downloadScala3Sources(Embedded.scala:233)
	at scala.meta.internal.metals.StandaloneSymbolSearch$.$anonfun$getScala$1(StandaloneSymbolSearch.scala:205)
	at scala.meta.internal.metals.StandaloneSymbolSearch$.getScala(StandaloneSymbolSearch.scala:209)
	at scala.meta.internal.metals.StandaloneSymbolSearch$.addScalaAndJava(StandaloneSymbolSearch.scala:184)
	at scala.meta.internal.metals.StandaloneSymbolSearch$.apply(StandaloneSymbolSearch.scala:142)
	at scala.meta.internal.metals.Compilers.$anonfun$fallbackCompiler$3(Compilers.scala:142)
	at scala.util.Try$.apply(Try.scala:213)
	at scala.meta.internal.metals.Compilers.$anonfun$fallbackCompiler$1(Compilers.scala:135)
	at java.base/java.util.HashMap.compute(HashMap.java:1228)
	at java.base/java.util.Collections$SynchronizedMap.compute(Collections.java:2692)
	at scala.meta.internal.metals.Compilers.fallbackCompiler(Compilers.scala:117)
	at scala.meta.internal.metals.InteractiveSemanticdbs.$anonfun$compile$6(InteractiveSemanticdbs.scala:178)
	at scala.Option.getOrElse(Option.scala:189)
	at scala.meta.internal.metals.InteractiveSemanticdbs.compile(InteractiveSemanticdbs.scala:178)
	at scala.meta.internal.metals.InteractiveSemanticdbs.$anonfun$textDocument$3(InteractiveSemanticdbs.scala:91)
	at scala.util.Try$.apply(Try.scala:213)
	at scala.meta.internal.metals.InteractiveSemanticdbs.$anonfun$textDocument$1(InteractiveSemanticdbs.scala:91)
	at java.base/java.util.HashMap.compute(HashMap.java:1228)
	at java.base/java.util.Collections$SynchronizedMap.compute(Collections.java:2692)
	at scala.meta.internal.metals.InteractiveSemanticdbs.textDocument(InteractiveSemanticdbs.scala:87)
	at scala.meta.internal.metals.InteractiveSemanticdbs.textDocument(InteractiveSemanticdbs.scala:61)
	at scala.meta.internal.metals.AggregateSemanticdbs.loop$1(AggregateSemanticdbs.scala:30)
	at scala.meta.internal.metals.AggregateSemanticdbs.textDocument(AggregateSemanticdbs.scala:36)
	at scala.meta.internal.metals.CodeLensProvider.findLenses(CodeLensProvider.scala:22)
	at scala.meta.internal.metals.MetalsLanguageServer.$anonfun$codeLens$2(MetalsLanguageServer.scala:1568)
	at scala.meta.internal.metals.TimerProvider.timedThunk(TimerProvider.scala:25)
	at scala.meta.internal.metals.MetalsLanguageServer.$anonfun$codeLens$1(MetalsLanguageServer.scala:1566)
	at scala.meta.internal.metals.CancelTokens$.$anonfun$apply$2(CancelTokens.scala:26)
	at scala.concurrent.Future$.$anonfun$apply$1(Future.scala:659)
	at scala.util.Success.$anonfun$map$1(Try.scala:255)
	at scala.util.Success.map(Try.scala:213)
	at scala.concurrent.Future.$anonfun$map$1(Future.scala:292)
	at scala.concurrent.impl.Promise.liftedTree1$1(Promise.scala:33)
	at scala.concurrent.impl.Promise.$anonfun$transform$1(Promise.scala:33)
	at scala.concurrent.impl.CallbackRunnable.run(Promise.scala:64)
	at java.base/java.util.concurrent.ThreadPoolExecutor.runWorker(ThreadPoolExecutor.java:1128)
	at java.base/java.util.concurrent.ThreadPoolExecutor$Worker.run(ThreadPoolExecutor.java:628)
	at java.base/java.lang.Thread.run(Thread.java:829)
[0m2021.12.11 11:05:31 INFO  Started: Metals version 0.10.9 in workspace '/Users/artem/Projects/Functional Programming/Lab3' for client Visual Studio Code 1.62.3.[0m
[0m2021.12.11 11:05:36 INFO  time: initialize in 4.59s[0m
[0m2021.12.11 11:05:40 WARN  Build server is not auto-connectable.[0m
[0m2021.12.11 11:05:40 WARN  no build target for: /Users/artem/Projects/Functional Programming/Lab3/src/main/scala/RecursiveFunc.scala[0m
[0m2021.12.11 11:05:40 WARN  no build target for: /Users/artem/Projects/Functional Programming/Lab3/src/main/scala/Compositions.scala[0m
[0m2021.12.11 11:05:40 INFO  skipping build import with status 'Requested'[0m
[0m2021.12.11 11:05:47 INFO  no build target: using presentation compiler with only scala-library: 3.1.0[0m
[0m2021.12.11 11:05:54 INFO  time: code lens generation in 14s[0m
[0m2021.12.11 11:07:35 WARN  no build target for: /Users/artem/Projects/Functional Programming/Lab3/src/main/scala/RecursiveData.scala[0m
дек. 11, 2021 11:10:22 AM org.eclipse.lsp4j.jsonrpc.RemoteEndpoint handleCancellation
WARNING: Unmatched cancel notification for request id 219
дек. 11, 2021 11:10:26 AM org.eclipse.lsp4j.jsonrpc.RemoteEndpoint handleCancellation
WARNING: Unmatched cancel notification for request id 223
дек. 11, 2021 11:10:45 AM org.eclipse.lsp4j.jsonrpc.RemoteEndpoint handleCancellation
WARNING: Unmatched cancel notification for request id 277
дек. 11, 2021 11:10:51 AM org.eclipse.lsp4j.jsonrpc.RemoteEndpoint handleCancellation
WARNING: Unmatched cancel notification for request id 288
дек. 11, 2021 11:12:31 AM org.eclipse.lsp4j.jsonrpc.RemoteEndpoint handleCancellation
WARNING: Unmatched cancel notification for request id 367
дек. 11, 2021 11:12:33 AM org.eclipse.lsp4j.jsonrpc.RemoteEndpoint handleCancellation
WARNING: Unmatched cancel notification for request id 375
[0m2021.12.11 11:13:15 WARN  no build target for: /Users/artem/Projects/Functional Programming/Lab3/src/main/scala/RecursiveData.scala[0m
[0m2021.12.11 11:19:11 WARN  no build target for: /Users/artem/Projects/Functional Programming/Lab3/src/main/scala/RecursiveData.scala[0m
дек. 11, 2021 11:20:41 AM org.eclipse.lsp4j.jsonrpc.RemoteEndpoint fallbackResponseError
SEVERE: Internal error: java.lang.reflect.InvocationTargetException
java.lang.RuntimeException: java.lang.reflect.InvocationTargetException
	at org.eclipse.lsp4j.jsonrpc.services.GenericEndpoint.lambda$null$0(GenericEndpoint.java:67)
	at org.eclipse.lsp4j.jsonrpc.services.GenericEndpoint.request(GenericEndpoint.java:120)
	at org.eclipse.lsp4j.jsonrpc.RemoteEndpoint.handleRequest(RemoteEndpoint.java:261)
	at org.eclipse.lsp4j.jsonrpc.RemoteEndpoint.consume(RemoteEndpoint.java:190)
	at org.eclipse.lsp4j.jsonrpc.json.StreamMessageProducer.handleMessage(StreamMessageProducer.java:194)
	at org.eclipse.lsp4j.jsonrpc.json.StreamMessageProducer.listen(StreamMessageProducer.java:94)
	at org.eclipse.lsp4j.jsonrpc.json.ConcurrentMessageProcessor.run(ConcurrentMessageProcessor.java:113)
	at java.base/java.util.concurrent.Executors$RunnableAdapter.call(Executors.java:515)
	at java.base/java.util.concurrent.FutureTask.run(FutureTask.java:264)
	at java.base/java.util.concurrent.ThreadPoolExecutor.runWorker(ThreadPoolExecutor.java:1128)
	at java.base/java.util.concurrent.ThreadPoolExecutor$Worker.run(ThreadPoolExecutor.java:628)
	at java.base/java.lang.Thread.run(Thread.java:829)
Caused by: java.lang.reflect.InvocationTargetException
	at jdk.internal.reflect.GeneratedMethodAccessor8.invoke(Unknown Source)
	at java.base/jdk.internal.reflect.DelegatingMethodAccessorImpl.invoke(DelegatingMethodAccessorImpl.java:43)
	at java.base/java.lang.reflect.Method.invoke(Method.java:566)
	at org.eclipse.lsp4j.jsonrpc.services.GenericEndpoint.lambda$null$0(GenericEndpoint.java:65)
	... 11 more
Caused by: java.lang.IllegalArgumentException: 70 is not a valid line number, allowed [0..47]
	at scala.meta.internal.inputs.InternalInput.lineToOffset(InternalInput.scala:37)
	at scala.meta.internal.inputs.InternalInput.lineToOffset$(InternalInput.scala:32)
	at scala.meta.inputs.Input$VirtualFile.lineToOffset(Input.scala:80)
	at scala.meta.inputs.Position$Range$.apply(Position.scala:59)
	at scala.meta.internal.mtags.MtagsEnrichments$XtensionPositionLspInverse.toMeta(MtagsEnrichments.scala:133)
	at scala.meta.internal.parsing.Trees.$anonfun$findLastEnclosingAt$4(Trees.scala:77)
	at scala.Option.flatMap(Option.scala:271)
	at scala.meta.internal.parsing.Trees.findLastEnclosingAt(Trees.scala:76)
	at scala.meta.internal.metals.codeactions.PatternMatchRefactor.contribute(PatternMatchRefactor.scala:96)
	at scala.meta.internal.metals.CodeActionProvider$$anonfun$1.applyOrElse(CodeActionProvider.scala:62)
	at scala.meta.internal.metals.CodeActionProvider$$anonfun$1.applyOrElse(CodeActionProvider.scala:61)
	at scala.collection.immutable.List.collect(List.scala:323)
	at scala.meta.internal.metals.CodeActionProvider.codeActions(CodeActionProvider.scala:61)
	at scala.meta.internal.metals.MetalsLanguageServer.$anonfun$codeAction$1(MetalsLanguageServer.scala:1555)
	at scala.meta.internal.metals.CancelTokens$.future(CancelTokens.scala:38)
	at scala.meta.internal.metals.MetalsLanguageServer.codeAction(MetalsLanguageServer.scala:1554)
	... 15 more

дек. 11, 2021 11:20:48 AM org.eclipse.lsp4j.jsonrpc.RemoteEndpoint fallbackResponseError
SEVERE: Internal error: java.lang.reflect.InvocationTargetException
java.lang.RuntimeException: java.lang.reflect.InvocationTargetException
	at org.eclipse.lsp4j.jsonrpc.services.GenericEndpoint.lambda$null$0(GenericEndpoint.java:67)
	at org.eclipse.lsp4j.jsonrpc.services.GenericEndpoint.request(GenericEndpoint.java:120)
	at org.eclipse.lsp4j.jsonrpc.RemoteEndpoint.handleRequest(RemoteEndpoint.java:261)
	at org.eclipse.lsp4j.jsonrpc.RemoteEndpoint.consume(RemoteEndpoint.java:190)
	at org.eclipse.lsp4j.jsonrpc.json.StreamMessageProducer.handleMessage(StreamMessageProducer.java:194)
	at org.eclipse.lsp4j.jsonrpc.json.StreamMessageProducer.listen(StreamMessageProducer.java:94)
	at org.eclipse.lsp4j.jsonrpc.json.ConcurrentMessageProcessor.run(ConcurrentMessageProcessor.java:113)
	at java.base/java.util.concurrent.Executors$RunnableAdapter.call(Executors.java:515)
	at java.base/java.util.concurrent.FutureTask.run(FutureTask.java:264)
	at java.base/java.util.concurrent.ThreadPoolExecutor.runWorker(ThreadPoolExecutor.java:1128)
	at java.base/java.util.concurrent.ThreadPoolExecutor$Worker.run(ThreadPoolExecutor.java:628)
	at java.base/java.lang.Thread.run(Thread.java:829)
Caused by: java.lang.reflect.InvocationTargetException
	at jdk.internal.reflect.GeneratedMethodAccessor8.invoke(Unknown Source)
	at java.base/jdk.internal.reflect.DelegatingMethodAccessorImpl.invoke(DelegatingMethodAccessorImpl.java:43)
	at java.base/java.lang.reflect.Method.invoke(Method.java:566)
	at org.eclipse.lsp4j.jsonrpc.services.GenericEndpoint.lambda$null$0(GenericEndpoint.java:65)
	... 11 more
Caused by: java.lang.IllegalArgumentException: 71 is not a valid line number, allowed [0..47]
	at scala.meta.internal.inputs.InternalInput.lineToOffset(InternalInput.scala:37)
	at scala.meta.internal.inputs.InternalInput.lineToOffset$(InternalInput.scala:32)
	at scala.meta.inputs.Input$VirtualFile.lineToOffset(Input.scala:80)
	at scala.meta.inputs.Position$Range$.apply(Position.scala:59)
	at scala.meta.internal.mtags.MtagsEnrichments$XtensionPositionLspInverse.toMeta(MtagsEnrichments.scala:133)
	at scala.meta.internal.parsing.Trees.$anonfun$findLastEnclosingAt$4(Trees.scala:77)
	at scala.Option.flatMap(Option.scala:271)
	at scala.meta.internal.parsing.Trees.findLastEnclosingAt(Trees.scala:76)
	at scala.meta.internal.metals.codeactions.PatternMatchRefactor.contribute(PatternMatchRefactor.scala:96)
	at scala.meta.internal.metals.CodeActionProvider$$anonfun$1.applyOrElse(CodeActionProvider.scala:62)
	at scala.meta.internal.metals.CodeActionProvider$$anonfun$1.applyOrElse(CodeActionProvider.scala:61)
	at scala.collection.immutable.List.collect(List.scala:323)
	at scala.meta.internal.metals.CodeActionProvider.codeActions(CodeActionProvider.scala:61)
	at scala.meta.internal.metals.MetalsLanguageServer.$anonfun$codeAction$1(MetalsLanguageServer.scala:1555)
	at scala.meta.internal.metals.CancelTokens$.future(CancelTokens.scala:38)
	at scala.meta.internal.metals.MetalsLanguageServer.codeAction(MetalsLanguageServer.scala:1554)
	... 15 more

[0m2021.12.11 11:22:04 WARN  no build target for: /Users/artem/Projects/Functional Programming/Lab3/src/main/scala/RecursiveData.scala[0m
[0m2021.12.11 11:22:53 WARN  no build target for: /Users/artem/Projects/Functional Programming/Lab3/src/main/scala/RecursiveData.scala[0m
[0m2021.12.11 11:23:31 WARN  no build target for: /Users/artem/Projects/Functional Programming/Lab3/src/main/scala/RecursiveData.scala[0m
[0m2021.12.11 11:24:36 WARN  no build target for: /Users/artem/Projects/Functional Programming/Lab3/src/main/scala/RecursiveData.scala[0m
[0m2021.12.11 11:26:20 WARN  no build target for: /Users/artem/Projects/Functional Programming/Lab3/src/main/scala/RecursiveData.scala[0m
[0m2021.12.11 11:30:37 WARN  no build target for: /Users/artem/Projects/Functional Programming/Lab3/src/main/scala/Compositions.scala[0m
[0m2021.12.11 11:35:12 WARN  no build target for: /Users/artem/Projects/Functional Programming/Lab3/src/main/scala/Compositions.scala[0m
[0m2021.12.11 11:36:05 WARN  no build target for: /Users/artem/Projects/Functional Programming/Lab3/src/main/scala/RecursiveFunc.scala[0m
[0m2021.12.11 13:01:02 WARN  no build target for: /Users/artem/Projects/Functional Programming/Lab3/src/main/scala/Compositions.scala[0m
дек. 11, 2021 1:02:44 PM org.eclipse.lsp4j.jsonrpc.RemoteEndpoint handleCancellation
WARNING: Unmatched cancel notification for request id 1311
[0m2021.12.11 13:03:00 WARN  no build target for: /Users/artem/Projects/Functional Programming/Lab3/src/main/scala/RecursiveFunc.scala[0m
дек. 11, 2021 1:03:23 PM org.eclipse.lsp4j.jsonrpc.RemoteEndpoint handleCancellation
WARNING: Unmatched cancel notification for request id 1326
[0m2021.12.11 13:04:16 WARN  no build target for: /Users/artem/Projects/Functional Programming/Lab3/src/main/scala/Compositions.scala[0m
[0m2021.12.11 13:05:28 WARN  no build target for: /Users/artem/Projects/Functional Programming/Lab3/src/main/scala/Compositions.scala[0m
[0m2021.12.11 13:05:31 WARN  no build target for: /Users/artem/Projects/Functional Programming/Lab3/src/main/scala/Compositions.scala[0m
[0m2021.12.11 13:05:43 WARN  no build target for: /Users/artem/Projects/Functional Programming/Lab3/src/main/scala/Compositions.scala[0m
[0m2021.12.11 13:06:05 WARN  no build target for: /Users/artem/Projects/Functional Programming/Lab3/src/main/scala/Compositions.scala[0m
[0m2021.12.11 13:08:52 WARN  no build target for: /Users/artem/Projects/Functional Programming/Lab3/src/main/scala/Compositions.scala[0m
Exception in thread "pool-3-thread-1" java.lang.IllegalArgumentException: Comparison method violates its general contract!
	at java.base/java.util.TimSort.mergeHi(TimSort.java:903)
	at java.base/java.util.TimSort.mergeAt(TimSort.java:520)
	at java.base/java.util.TimSort.mergeCollapse(TimSort.java:448)
	at java.base/java.util.TimSort.sort(TimSort.java:245)
	at java.base/java.util.Arrays.sort(Arrays.java:1441)
	at scala.collection.SeqOps.sorted(Seq.scala:700)
	at scala.collection.SeqOps.sorted$(Seq.scala:692)
	at scala.collection.immutable.List.scala$collection$immutable$StrictOptimizedSeqOps$$super$sorted(List.scala:79)
	at scala.collection.immutable.StrictOptimizedSeqOps.sorted(StrictOptimizedSeqOps.scala:78)
	at scala.collection.immutable.StrictOptimizedSeqOps.sorted$(StrictOptimizedSeqOps.scala:78)
	at scala.collection.immutable.List.sorted(List.scala:79)
	at scala.meta.internal.pc.CompletionProvider.completions(CompletionProvider.scala:52)
	at scala.meta.internal.pc.ScalaPresentationCompiler.complete$$anonfun$1(ScalaPresentationCompiler.scala:166)
	at scala.meta.internal.pc.CompilerAccess.withSharedCompiler(CompilerAccess.scala:137)
	at scala.meta.internal.pc.CompilerAccess.$anonfun$1(CompilerAccess.scala:87)
	at scala.meta.internal.pc.CompilerAccess.onCompilerJobQueue$$anonfun$1(CompilerAccess.scala:197)
	at scala.meta.internal.pc.CompilerJobQueue$Job.run(CompilerJobQueue.scala:139)
	at java.base/java.util.concurrent.ThreadPoolExecutor.runWorker(ThreadPoolExecutor.java:1128)
	at java.base/java.util.concurrent.ThreadPoolExecutor$Worker.run(ThreadPoolExecutor.java:628)
	at java.base/java.lang.Thread.run(Thread.java:829)
[0m2021.12.11 13:09:47 WARN  no build target for: /Users/artem/Projects/Functional Programming/Lab3/src/main/scala/Compositions.scala[0m
[0m2021.12.11 13:13:55 WARN  no build target for: /Users/artem/Projects/Functional Programming/Lab3/src/main/scala/Compositions.scala[0m
[0m2021.12.11 13:16:28 WARN  no build target for: /Users/artem/Projects/Functional Programming/Lab3/src/main/scala/Compositions.scala[0m
дек. 11, 2021 1:32:25 PM org.eclipse.lsp4j.jsonrpc.RemoteEndpoint handleCancellation
WARNING: Unmatched cancel notification for request id 2328
[0m2021.12.11 13:32:58 WARN  no build target for: /Users/artem/Projects/Functional Programming/Lab3/src/main/scala/Compositions.scala[0m
дек. 11, 2021 1:32:59 PM org.eclipse.lsp4j.jsonrpc.RemoteEndpoint handleCancellation
WARNING: Unmatched cancel notification for request id 2349
[0m2021.12.11 13:41:30 WARN  no build target for: /Users/artem/Projects/Functional Programming/Lab3/src/main/scala/RecursiveFunc.scala[0m
[0m2021.12.11 13:41:43 WARN  no build target for: /Users/artem/Projects/Functional Programming/Lab3/src/main/scala/Compositions.scala[0m
[0m2021.12.11 13:44:35 WARN  no build target for: /Users/artem/Projects/Functional Programming/Lab3/src/main/scala/Compositions.scala[0m
[0m2021.12.11 13:44:58 WARN  no build target for: /Users/artem/Projects/Functional Programming/Lab3/src/main/scala/Compositions.scala[0m
дек. 11, 2021 1:45:42 PM org.eclipse.lsp4j.jsonrpc.RemoteEndpoint handleCancellation
WARNING: Unmatched cancel notification for request id 2540
дек. 11, 2021 1:47:20 PM org.eclipse.lsp4j.jsonrpc.RemoteEndpoint handleCancellation
WARNING: Unmatched cancel notification for request id 2629
дек. 11, 2021 1:47:20 PM org.eclipse.lsp4j.jsonrpc.RemoteEndpoint handleCancellation
WARNING: Unmatched cancel notification for request id 2631
[0m2021.12.11 13:47:26 WARN  no build target for: /Users/artem/Projects/Functional Programming/Lab3/src/main/scala/Compositions.scala[0m
[0m2021.12.11 13:47:45 WARN  no build target for: /Users/artem/Projects/Functional Programming/Lab3/src/main/scala/Compositions.scala[0m
[0m2021.12.11 13:48:08 WARN  no build target for: /Users/artem/Projects/Functional Programming/Lab3/src/main/scala/Compositions.scala[0m
[0m2021.12.11 13:48:44 WARN  no build target for: /Users/artem/Projects/Functional Programming/Lab3/src/main/scala/Compositions.scala[0m
[0m2021.12.11 13:49:06 WARN  no build target for: /Users/artem/Projects/Functional Programming/Lab3/src/main/scala/Compositions.scala[0m
[0m2021.12.11 13:50:17 INFO  shutting down Metals[0m
[0m2021.12.11 13:51:49 INFO  Started: Metals version 0.10.9 in workspace '/Users/artem/Projects/Functional Programming/Lab3' for client Visual Studio Code 1.62.3.[0m
[0m2021.12.11 13:51:54 INFO  time: initialize in 4.44s[0m
[0m2021.12.11 13:51:54 WARN  Build server is not auto-connectable.[0m
[0m2021.12.11 13:51:55 WARN  no build target for: /Users/artem/Projects/Functional Programming/Lab3/src/main/scala/Compositions.scala[0m
[0m2021.12.11 13:51:55 INFO  skipping build import with status 'Requested'[0m
дек. 11, 2021 1:51:58 PM org.eclipse.lsp4j.jsonrpc.RemoteEndpoint handleCancellation
WARNING: Unmatched cancel notification for request id 3
дек. 11, 2021 1:51:58 PM org.eclipse.lsp4j.jsonrpc.RemoteEndpoint handleCancellation
WARNING: Unmatched cancel notification for request id 9
дек. 11, 2021 1:51:58 PM org.eclipse.lsp4j.jsonrpc.RemoteEndpoint handleCancellation
WARNING: Unmatched cancel notification for request id 12
[0m2021.12.11 13:52:03 INFO  no build target: using presentation compiler with only scala-library: 3.1.0[0m
дек. 11, 2021 1:52:04 PM org.eclipse.lsp4j.jsonrpc.RemoteEndpoint handleCancellation
WARNING: Unmatched cancel notification for request id 13
дек. 11, 2021 1:52:04 PM org.eclipse.lsp4j.jsonrpc.RemoteEndpoint handleCancellation
WARNING: Unmatched cancel notification for request id 17
дек. 11, 2021 1:52:04 PM org.eclipse.lsp4j.jsonrpc.RemoteEndpoint handleCancellation
WARNING: Unmatched cancel notification for request id 20
дек. 11, 2021 1:52:04 PM org.eclipse.lsp4j.jsonrpc.RemoteEndpoint handleCancellation
WARNING: Unmatched cancel notification for request id 15
дек. 11, 2021 1:52:04 PM org.eclipse.lsp4j.jsonrpc.RemoteEndpoint handleCancellation
WARNING: Unmatched cancel notification for request id 21
дек. 11, 2021 1:52:04 PM org.eclipse.lsp4j.jsonrpc.RemoteEndpoint handleCancellation
WARNING: Unmatched cancel notification for request id 24
дек. 11, 2021 1:52:04 PM org.eclipse.lsp4j.jsonrpc.RemoteEndpoint handleCancellation
WARNING: Unmatched cancel notification for request id 18
[0m2021.12.11 13:52:08 INFO  time: code lens generation in 10s[0m
[0m2021.12.11 13:52:08 INFO  time: code lens generation in 3.42s[0m
[0m2021.12.11 13:52:08 INFO  time: code lens generation in 9.65s[0m
[0m2021.12.11 13:52:08 INFO  time: code lens generation in 3.29s[0m
[0m2021.12.11 13:52:08 INFO  time: code lens generation in 10s[0m
[0m2021.12.11 13:52:16 WARN  no build target for: /Users/artem/Projects/Functional Programming/Lab3/src/main/scala/Compositions.scala[0m
[0m2021.12.11 13:53:58 WARN  no build target for: /Users/artem/Projects/Functional Programming/Lab3/src/main/scala/Compositions.scala[0m
[0m2021.12.11 14:11:11 WARN  no build target for: /Users/artem/Projects/Functional Programming/Lab3/src/main/scala/RecursiveData.scala[0m
[0m2021.12.11 14:13:46 WARN  no build target for: /Users/artem/Projects/Functional Programming/Lab3/src/main/scala/RecursiveFunc.scala[0m
дек. 11, 2021 2:14:37 PM org.eclipse.lsp4j.jsonrpc.RemoteEndpoint handleCancellation
WARNING: Unmatched cancel notification for request id 305
дек. 11, 2021 2:17:50 PM org.eclipse.lsp4j.jsonrpc.RemoteEndpoint handleCancellation
WARNING: Unmatched cancel notification for request id 438
[0m2021.12.12 13:26:23 INFO  shutting down Metals[0m
