[0m2021.11.18 17:06:52 INFO  Started: Metals version 0.10.9 in workspace '/Users/artem/Projects/Functional Programming/Lab3' for client Visual Studio Code 1.61.2.[0m
[0m2021.11.18 17:06:56 INFO  time: initialize in 4.56s[0m
[0m2021.11.18 17:06:57 WARN  Build server is not auto-connectable.[0m
[0m2021.11.18 17:06:57 WARN  no build tool detected in workspace '/Users/artem/Projects/Functional Programming/Lab3'. The most common cause for this problem is that the editor was opened in the wrong working directory, for example if you use sbt then the workspace directory should contain build.sbt. [0m
[0m2021.11.18 17:06:58 WARN  no build target for: /Users/artem/Projects/Functional Programming/Lab3/src/main/scala/RecursiveData.scala[0m
[0m2021.11.18 17:07:04 INFO  no build target: using presentation compiler with only scala-library: 3.1.0[0m
[0m2021.11.18 17:07:08 INFO  time: code lens generation in 10s[0m
[0m2021.11.18 17:07:16 WARN  no build target for: /Users/artem/Projects/Functional Programming/Lab2/build.sbt[0m
[0m2021.11.18 17:07:33 WARN  no build target for: /Users/artem/Projects/Functional Programming/Lab3/build.sbt[0m
нояб. 18, 2021 5:07:41 PM org.eclipse.lsp4j.jsonrpc.RemoteEndpoint handleCancellation
WARNING: Unmatched cancel notification for request id 11
[0m2021.11.19 18:47:54 INFO  shutting down Metals[0m
[0m2021.11.20 12:18:18 INFO  Started: Metals version 0.10.9 in workspace '/Users/artem/Projects/Functional Programming/Lab3' for client Visual Studio Code 1.62.2.[0m
[0m2021.11.20 12:18:23 INFO  time: initialize in 4.59s[0m
[0m2021.11.20 12:18:23 WARN  Build server is not auto-connectable.[0m
[0m2021.11.20 12:18:24 WARN  no build target for: /Users/artem/Projects/Functional Programming/Lab3/src/main/scala/RecursiveData.scala[0m
[0m2021.11.20 12:18:24 INFO  skipping build import with status 'Requested'[0m
[0m2021.11.20 12:18:31 INFO  no build target: using presentation compiler with only scala-library: 3.1.0[0m
нояб. 20, 2021 12:18:33 PM org.eclipse.lsp4j.jsonrpc.RemoteEndpoint handleCancellation
WARNING: Unmatched cancel notification for request id 1
нояб. 20, 2021 12:18:33 PM org.eclipse.lsp4j.jsonrpc.RemoteEndpoint handleCancellation
WARNING: Unmatched cancel notification for request id 7
нояб. 20, 2021 12:18:33 PM org.eclipse.lsp4j.jsonrpc.RemoteEndpoint handleCancellation
WARNING: Unmatched cancel notification for request id 8
нояб. 20, 2021 12:18:33 PM org.eclipse.lsp4j.jsonrpc.RemoteEndpoint handleCancellation
WARNING: Unmatched cancel notification for request id 11
нояб. 20, 2021 12:18:33 PM org.eclipse.lsp4j.jsonrpc.RemoteEndpoint handleCancellation
WARNING: Unmatched cancel notification for request id 23
нояб. 20, 2021 12:18:33 PM org.eclipse.lsp4j.jsonrpc.RemoteEndpoint handleCancellation
WARNING: Unmatched cancel notification for request id 25
[0m2021.11.20 12:18:35 INFO  time: code lens generation in 11s[0m
[0m2021.11.20 12:18:35 INFO  time: code lens generation in 2.31s[0m
[0m2021.11.20 12:18:35 INFO  time: code lens generation in 2.52s[0m
[0m2021.11.20 12:18:35 INFO  time: code lens generation in 2.16s[0m
[0m2021.11.20 12:18:35 INFO  time: code lens generation in 2.05s[0m
[0m2021.11.20 12:18:35 INFO  time: code lens generation in 2.08s[0m
[0m2021.11.20 12:18:35 INFO  time: code lens generation in 2.23s[0m
[0m2021.11.20 12:18:35 INFO  time: code lens generation in 2.12s[0m
[0m2021.11.20 12:18:35 INFO  time: code lens generation in 2.09s[0m
[0m2021.11.20 12:18:35 INFO  time: code lens generation in 2.19s[0m
[0m2021.11.20 12:18:35 INFO  time: code lens generation in 2.15s[0m
[0m2021.11.20 12:18:54 WARN  no build target for: /Users/artem/Projects/Functional Programming/Lab3/src/main/scala/RecursiveData.scala[0m
[0m2021.11.20 12:19:10 WARN  no build target for: /Users/artem/Projects/Functional Programming/Lab3/src/main/scala/RecursiveData.scala[0m
[0m2021.11.20 12:19:57 WARN  no build target for: /Users/artem/Projects/Functional Programming/Lab3/src/main/scala/Compositions.scala[0m
Exception in thread "pool-3-thread-1" dotty.tools.dotc.core.TypeError: bad parameter reference A at typer
the parameter is type A in class Some but the prefix <noprefix>
does not define any corresponding arguments.
idx = 0, args = List()
	at dotty.tools.dotc.core.Types$NamedType.argDenot(Types.scala:2304)
	at dotty.tools.dotc.core.Types$NamedType.fromDesignator$1(Types.scala:2218)
	at dotty.tools.dotc.core.Types$NamedType.computeDenot(Types.scala:2236)
	at dotty.tools.dotc.core.Types$NamedType.denot(Types.scala:2191)
	at dotty.tools.dotc.core.Types$NamedType.info(Types.scala:2179)
	at dotty.tools.dotc.core.Types$Type.dealias1(Types.scala:1361)
	at dotty.tools.dotc.core.Types$Type.dealias(Types.scala:1384)
	at dotty.tools.dotc.core.Definitions.isTupleNType(Definitions.scala:1476)
	at dotty.tools.dotc.printing.RefinedPrinter.toTextFunction$1$$anonfun$1(RefinedPrinter.scala:150)
	at dotty.tools.dotc.printing.Printer.atPrec(Printer.scala:43)
	at dotty.tools.dotc.printing.Printer.changePrec(Printer.scala:72)
	at dotty.tools.dotc.printing.RefinedPrinter.toTextFunction$2(RefinedPrinter.scala:160)
	at dotty.tools.dotc.printing.RefinedPrinter.appliedText$2(RefinedPrinter.scala:222)
	at dotty.tools.dotc.printing.RefinedPrinter.toText$$anonfun$1(RefinedPrinter.scala:234)
	at dotty.tools.dotc.printing.MessageLimiter.controlled(MessageLimiter.scala:23)
	at dotty.tools.dotc.printing.PlainPrinter.controlled(PlainPrinter.scala:35)
	at dotty.tools.dotc.printing.RefinedPrinter.toText(RefinedPrinter.scala:300)
	at scala.meta.internal.pc.SymbolPrinter.typeString(SymbolPrinter.scala:25)
	at scala.meta.internal.pc.SymbolPrinter.shortTypeString$1(SymbolPrinter.scala:43)
	at scala.meta.internal.pc.SymbolPrinter.hoverDetailString(SymbolPrinter.scala:71)
	at scala.meta.internal.pc.ScalaPresentationCompiler.$anonfun$9(ScalaPresentationCompiler.scala:337)
	at scala.Option.map(Option.scala:242)
	at scala.meta.internal.pc.ScalaPresentationCompiler.hover$$anonfun$1(ScalaPresentationCompiler.scala:341)
	at scala.meta.internal.pc.CompilerAccess.withSharedCompiler(CompilerAccess.scala:137)
	at scala.meta.internal.pc.CompilerAccess.withNonInterruptableCompiler$$anonfun$1(CompilerAccess.scala:125)
	at scala.meta.internal.pc.CompilerAccess.onCompilerJobQueue$$anonfun$1(CompilerAccess.scala:197)
	at scala.meta.internal.pc.CompilerJobQueue$Job.run(CompilerJobQueue.scala:139)
	at java.base/java.util.concurrent.ThreadPoolExecutor.runWorker(ThreadPoolExecutor.java:1128)
	at java.base/java.util.concurrent.ThreadPoolExecutor$Worker.run(ThreadPoolExecutor.java:628)
	at java.base/java.lang.Thread.run(Thread.java:829)
Exception in thread "pool-3-thread-2" dotty.tools.dotc.core.TypeError: bad parameter reference A at typer
the parameter is type A in class Some but the prefix <noprefix>
does not define any corresponding arguments.
idx = 0, args = List()
	at dotty.tools.dotc.core.Types$NamedType.argDenot(Types.scala:2304)
	at dotty.tools.dotc.core.Types$NamedType.fromDesignator$1(Types.scala:2218)
	at dotty.tools.dotc.core.Types$NamedType.computeDenot(Types.scala:2236)
	at dotty.tools.dotc.core.Types$NamedType.denot(Types.scala:2191)
	at dotty.tools.dotc.core.Types$NamedType.info(Types.scala:2179)
	at dotty.tools.dotc.core.Types$Type.dealias1(Types.scala:1361)
	at dotty.tools.dotc.core.Types$Type.dealias(Types.scala:1384)
	at dotty.tools.dotc.core.Definitions.isTupleNType(Definitions.scala:1476)
	at dotty.tools.dotc.printing.RefinedPrinter.toTextFunction$1$$anonfun$1(RefinedPrinter.scala:150)
	at dotty.tools.dotc.printing.Printer.atPrec(Printer.scala:43)
	at dotty.tools.dotc.printing.Printer.changePrec(Printer.scala:72)
	at dotty.tools.dotc.printing.RefinedPrinter.toTextFunction$2(RefinedPrinter.scala:160)
	at dotty.tools.dotc.printing.RefinedPrinter.appliedText$2(RefinedPrinter.scala:222)
	at dotty.tools.dotc.printing.RefinedPrinter.toText$$anonfun$1(RefinedPrinter.scala:234)
	at dotty.tools.dotc.printing.MessageLimiter.controlled(MessageLimiter.scala:23)
	at dotty.tools.dotc.printing.PlainPrinter.controlled(PlainPrinter.scala:35)
	at dotty.tools.dotc.printing.RefinedPrinter.toText(RefinedPrinter.scala:300)
	at scala.meta.internal.pc.SymbolPrinter.typeString(SymbolPrinter.scala:25)
	at scala.meta.internal.pc.SymbolPrinter.paramLabel(SymbolPrinter.scala:253)
	at scala.meta.internal.pc.SymbolPrinter.$anonfun$7(SymbolPrinter.scala:144)
	at scala.collection.immutable.List.flatMap(List.scala:293)
	at scala.meta.internal.pc.SymbolPrinter.label$2$$anonfun$1(SymbolPrinter.scala:144)
	at scala.collection.immutable.List.flatMap(List.scala:293)
	at scala.meta.internal.pc.SymbolPrinter.label$1(SymbolPrinter.scala:148)
	at scala.meta.internal.pc.SymbolPrinter.defaultMethodSignature(SymbolPrinter.scala:151)
	at scala.meta.internal.pc.SymbolPrinter.hoverDetailString(SymbolPrinter.scala:64)
	at scala.meta.internal.pc.ScalaPresentationCompiler.$anonfun$9(ScalaPresentationCompiler.scala:337)
	at scala.Option.map(Option.scala:242)
	at scala.meta.internal.pc.ScalaPresentationCompiler.hover$$anonfun$1(ScalaPresentationCompiler.scala:341)
	at scala.meta.internal.pc.CompilerAccess.withSharedCompiler(CompilerAccess.scala:137)
	at scala.meta.internal.pc.CompilerAccess.withNonInterruptableCompiler$$anonfun$1(CompilerAccess.scala:125)
	at scala.meta.internal.pc.CompilerAccess.onCompilerJobQueue$$anonfun$1(CompilerAccess.scala:197)
	at scala.meta.internal.pc.CompilerJobQueue$Job.run(CompilerJobQueue.scala:139)
	at java.base/java.util.concurrent.ThreadPoolExecutor.runWorker(ThreadPoolExecutor.java:1128)
	at java.base/java.util.concurrent.ThreadPoolExecutor$Worker.run(ThreadPoolExecutor.java:628)
	at java.base/java.lang.Thread.run(Thread.java:829)
Exception in thread "pool-3-thread-3" dotty.tools.dotc.core.TypeError: bad parameter reference A at typer
the parameter is type A in class Some but the prefix <noprefix>
does not define any corresponding arguments.
idx = 0, args = List()
	at dotty.tools.dotc.core.Types$NamedType.argDenot(Types.scala:2304)
	at dotty.tools.dotc.core.Types$NamedType.fromDesignator$1(Types.scala:2218)
	at dotty.tools.dotc.core.Types$NamedType.computeDenot(Types.scala:2236)
	at dotty.tools.dotc.core.Types$NamedType.denot(Types.scala:2191)
	at dotty.tools.dotc.core.Types$NamedType.info(Types.scala:2179)
	at dotty.tools.dotc.core.Types$Type.dealias1(Types.scala:1361)
	at dotty.tools.dotc.core.Types$Type.dealias(Types.scala:1384)
	at dotty.tools.dotc.core.Definitions.isTupleNType(Definitions.scala:1476)
	at dotty.tools.dotc.printing.RefinedPrinter.toTextFunction$1$$anonfun$1(RefinedPrinter.scala:150)
	at dotty.tools.dotc.printing.Printer.atPrec(Printer.scala:43)
	at dotty.tools.dotc.printing.Printer.changePrec(Printer.scala:72)
	at dotty.tools.dotc.printing.RefinedPrinter.toTextFunction$2(RefinedPrinter.scala:160)
	at dotty.tools.dotc.printing.RefinedPrinter.appliedText$2(RefinedPrinter.scala:222)
	at dotty.tools.dotc.printing.RefinedPrinter.toText$$anonfun$1(RefinedPrinter.scala:234)
	at dotty.tools.dotc.printing.MessageLimiter.controlled(MessageLimiter.scala:23)
	at dotty.tools.dotc.printing.PlainPrinter.controlled(PlainPrinter.scala:35)
	at dotty.tools.dotc.printing.RefinedPrinter.toText(RefinedPrinter.scala:300)
	at scala.meta.internal.pc.SymbolPrinter.typeString(SymbolPrinter.scala:25)
	at scala.meta.internal.pc.SymbolPrinter.shortTypeString$1(SymbolPrinter.scala:43)
	at scala.meta.internal.pc.SymbolPrinter.hoverDetailString(SymbolPrinter.scala:71)
	at scala.meta.internal.pc.ScalaPresentationCompiler.$anonfun$9(ScalaPresentationCompiler.scala:337)
	at scala.Option.map(Option.scala:242)
	at scala.meta.internal.pc.ScalaPresentationCompiler.hover$$anonfun$1(ScalaPresentationCompiler.scala:341)
	at scala.meta.internal.pc.CompilerAccess.withSharedCompiler(CompilerAccess.scala:137)
	at scala.meta.internal.pc.CompilerAccess.withNonInterruptableCompiler$$anonfun$1(CompilerAccess.scala:125)
	at scala.meta.internal.pc.CompilerAccess.onCompilerJobQueue$$anonfun$1(CompilerAccess.scala:197)
	at scala.meta.internal.pc.CompilerJobQueue$Job.run(CompilerJobQueue.scala:139)
	at java.base/java.util.concurrent.ThreadPoolExecutor.runWorker(ThreadPoolExecutor.java:1128)
	at java.base/java.util.concurrent.ThreadPoolExecutor$Worker.run(ThreadPoolExecutor.java:628)
	at java.base/java.lang.Thread.run(Thread.java:829)
Exception in thread "pool-3-thread-4" dotty.tools.dotc.core.TypeError: bad parameter reference A at typer
the parameter is type A in class Some but the prefix <noprefix>
does not define any corresponding arguments.
idx = 0, args = List()
	at dotty.tools.dotc.core.Types$NamedType.argDenot(Types.scala:2304)
	at dotty.tools.dotc.core.Types$NamedType.fromDesignator$1(Types.scala:2218)
	at dotty.tools.dotc.core.Types$NamedType.computeDenot(Types.scala:2236)
	at dotty.tools.dotc.core.Types$NamedType.denot(Types.scala:2191)
	at dotty.tools.dotc.core.Types$NamedType.info(Types.scala:2179)
	at dotty.tools.dotc.core.Types$Type.dealias1(Types.scala:1361)
	at dotty.tools.dotc.core.Types$Type.dealias(Types.scala:1384)
	at dotty.tools.dotc.core.Definitions.isTupleNType(Definitions.scala:1476)
	at dotty.tools.dotc.printing.RefinedPrinter.toTextFunction$1$$anonfun$1(RefinedPrinter.scala:150)
	at dotty.tools.dotc.printing.Printer.atPrec(Printer.scala:43)
	at dotty.tools.dotc.printing.Printer.changePrec(Printer.scala:72)
	at dotty.tools.dotc.printing.RefinedPrinter.toTextFunction$2(RefinedPrinter.scala:160)
	at dotty.tools.dotc.printing.RefinedPrinter.appliedText$2(RefinedPrinter.scala:222)
	at dotty.tools.dotc.printing.RefinedPrinter.toText$$anonfun$1(RefinedPrinter.scala:234)
	at dotty.tools.dotc.printing.MessageLimiter.controlled(MessageLimiter.scala:23)
	at dotty.tools.dotc.printing.PlainPrinter.controlled(PlainPrinter.scala:35)
	at dotty.tools.dotc.printing.RefinedPrinter.toText(RefinedPrinter.scala:300)
	at scala.meta.internal.pc.SymbolPrinter.typeString(SymbolPrinter.scala:25)
	at scala.meta.internal.pc.SymbolPrinter.shortTypeString$1(SymbolPrinter.scala:43)
	at scala.meta.internal.pc.SymbolPrinter.hoverDetailString(SymbolPrinter.scala:71)
	at scala.meta.internal.pc.ScalaPresentationCompiler.$anonfun$9(ScalaPresentationCompiler.scala:337)
	at scala.Option.map(Option.scala:242)
	at scala.meta.internal.pc.ScalaPresentationCompiler.hover$$anonfun$1(ScalaPresentationCompiler.scala:341)
	at scala.meta.internal.pc.CompilerAccess.withSharedCompiler(CompilerAccess.scala:137)
	at scala.meta.internal.pc.CompilerAccess.withNonInterruptableCompiler$$anonfun$1(CompilerAccess.scala:125)
	at scala.meta.internal.pc.CompilerAccess.onCompilerJobQueue$$anonfun$1(CompilerAccess.scala:197)
	at scala.meta.internal.pc.CompilerJobQueue$Job.run(CompilerJobQueue.scala:139)
	at java.base/java.util.concurrent.ThreadPoolExecutor.runWorker(ThreadPoolExecutor.java:1128)
	at java.base/java.util.concurrent.ThreadPoolExecutor$Worker.run(ThreadPoolExecutor.java:628)
	at java.base/java.lang.Thread.run(Thread.java:829)
Exception in thread "pool-3-thread-5" dotty.tools.dotc.core.TypeError: bad parameter reference A at typer
the parameter is type A in class Some but the prefix <noprefix>
does not define any corresponding arguments.
idx = 0, args = List()
	at dotty.tools.dotc.core.Types$NamedType.argDenot(Types.scala:2304)
	at dotty.tools.dotc.core.Types$NamedType.fromDesignator$1(Types.scala:2218)
	at dotty.tools.dotc.core.Types$NamedType.computeDenot(Types.scala:2236)
	at dotty.tools.dotc.core.Types$NamedType.denot(Types.scala:2191)
	at dotty.tools.dotc.core.Types$NamedType.info(Types.scala:2179)
	at dotty.tools.dotc.core.Types$Type.dealias1(Types.scala:1361)
	at dotty.tools.dotc.core.Types$Type.dealias(Types.scala:1384)
	at dotty.tools.dotc.core.Definitions.isTupleNType(Definitions.scala:1476)
	at dotty.tools.dotc.printing.RefinedPrinter.toTextFunction$1$$anonfun$1(RefinedPrinter.scala:150)
	at dotty.tools.dotc.printing.Printer.atPrec(Printer.scala:43)
	at dotty.tools.dotc.printing.Printer.changePrec(Printer.scala:72)
	at dotty.tools.dotc.printing.RefinedPrinter.toTextFunction$2(RefinedPrinter.scala:160)
	at dotty.tools.dotc.printing.RefinedPrinter.appliedText$2(RefinedPrinter.scala:222)
	at dotty.tools.dotc.printing.RefinedPrinter.toText$$anonfun$1(RefinedPrinter.scala:234)
	at dotty.tools.dotc.printing.MessageLimiter.controlled(MessageLimiter.scala:23)
	at dotty.tools.dotc.printing.PlainPrinter.controlled(PlainPrinter.scala:35)
	at dotty.tools.dotc.printing.RefinedPrinter.toText(RefinedPrinter.scala:300)
	at scala.meta.internal.pc.SymbolPrinter.typeString(SymbolPrinter.scala:25)
	at scala.meta.internal.pc.SymbolPrinter.paramLabel(SymbolPrinter.scala:253)
	at scala.meta.internal.pc.SymbolPrinter.$anonfun$7(SymbolPrinter.scala:144)
	at scala.collection.immutable.List.flatMap(List.scala:293)
	at scala.meta.internal.pc.SymbolPrinter.label$2$$anonfun$1(SymbolPrinter.scala:144)
	at scala.collection.immutable.List.flatMap(List.scala:293)
	at scala.meta.internal.pc.SymbolPrinter.label$1(SymbolPrinter.scala:148)
	at scala.meta.internal.pc.SymbolPrinter.defaultMethodSignature(SymbolPrinter.scala:151)
	at scala.meta.internal.pc.SymbolPrinter.hoverDetailString(SymbolPrinter.scala:64)
	at scala.meta.internal.pc.ScalaPresentationCompiler.$anonfun$9(ScalaPresentationCompiler.scala:337)
	at scala.Option.map(Option.scala:242)
	at scala.meta.internal.pc.ScalaPresentationCompiler.hover$$anonfun$1(ScalaPresentationCompiler.scala:341)
	at scala.meta.internal.pc.CompilerAccess.withSharedCompiler(CompilerAccess.scala:137)
	at scala.meta.internal.pc.CompilerAccess.withNonInterruptableCompiler$$anonfun$1(CompilerAccess.scala:125)
	at scala.meta.internal.pc.CompilerAccess.onCompilerJobQueue$$anonfun$1(CompilerAccess.scala:197)
	at scala.meta.internal.pc.CompilerJobQueue$Job.run(CompilerJobQueue.scala:139)
	at java.base/java.util.concurrent.ThreadPoolExecutor.runWorker(ThreadPoolExecutor.java:1128)
	at java.base/java.util.concurrent.ThreadPoolExecutor$Worker.run(ThreadPoolExecutor.java:628)
	at java.base/java.lang.Thread.run(Thread.java:829)
Exception in thread "pool-3-thread-6" dotty.tools.dotc.core.TypeError: bad parameter reference A at typer
the parameter is type A in class Some but the prefix <noprefix>
does not define any corresponding arguments.
idx = 0, args = List()
	at dotty.tools.dotc.core.Types$NamedType.argDenot(Types.scala:2304)
	at dotty.tools.dotc.core.Types$NamedType.fromDesignator$1(Types.scala:2218)
	at dotty.tools.dotc.core.Types$NamedType.computeDenot(Types.scala:2236)
	at dotty.tools.dotc.core.Types$NamedType.denot(Types.scala:2191)
	at dotty.tools.dotc.core.Types$NamedType.info(Types.scala:2179)
	at dotty.tools.dotc.core.Types$Type.dealias1(Types.scala:1361)
	at dotty.tools.dotc.core.Types$Type.dealias(Types.scala:1384)
	at dotty.tools.dotc.core.Definitions.isTupleNType(Definitions.scala:1476)
	at dotty.tools.dotc.printing.RefinedPrinter.toTextFunction$1$$anonfun$1(RefinedPrinter.scala:150)
	at dotty.tools.dotc.printing.Printer.atPrec(Printer.scala:43)
	at dotty.tools.dotc.printing.Printer.changePrec(Printer.scala:72)
	at dotty.tools.dotc.printing.RefinedPrinter.toTextFunction$2(RefinedPrinter.scala:160)
	at dotty.tools.dotc.printing.RefinedPrinter.appliedText$2(RefinedPrinter.scala:222)
	at dotty.tools.dotc.printing.RefinedPrinter.toText$$anonfun$1(RefinedPrinter.scala:234)
	at dotty.tools.dotc.printing.MessageLimiter.controlled(MessageLimiter.scala:23)
	at dotty.tools.dotc.printing.PlainPrinter.controlled(PlainPrinter.scala:35)
	at dotty.tools.dotc.printing.RefinedPrinter.toText(RefinedPrinter.scala:300)
	at scala.meta.internal.pc.SymbolPrinter.typeString(SymbolPrinter.scala:25)
	at scala.meta.internal.pc.SymbolPrinter.shortTypeString$1(SymbolPrinter.scala:43)
	at scala.meta.internal.pc.SymbolPrinter.hoverDetailString(SymbolPrinter.scala:71)
	at scala.meta.internal.pc.ScalaPresentationCompiler.$anonfun$9(ScalaPresentationCompiler.scala:337)
	at scala.Option.map(Option.scala:242)
	at scala.meta.internal.pc.ScalaPresentationCompiler.hover$$anonfun$1(ScalaPresentationCompiler.scala:341)
	at scala.meta.internal.pc.CompilerAccess.withSharedCompiler(CompilerAccess.scala:137)
	at scala.meta.internal.pc.CompilerAccess.withNonInterruptableCompiler$$anonfun$1(CompilerAccess.scala:125)
	at scala.meta.internal.pc.CompilerAccess.onCompilerJobQueue$$anonfun$1(CompilerAccess.scala:197)
	at scala.meta.internal.pc.CompilerJobQueue$Job.run(CompilerJobQueue.scala:139)
	at java.base/java.util.concurrent.ThreadPoolExecutor.runWorker(ThreadPoolExecutor.java:1128)
	at java.base/java.util.concurrent.ThreadPoolExecutor$Worker.run(ThreadPoolExecutor.java:628)
	at java.base/java.lang.Thread.run(Thread.java:829)
Exception in thread "pool-3-thread-7" dotty.tools.dotc.core.TypeError: bad parameter reference A at typer
the parameter is type A in class Some but the prefix <noprefix>
does not define any corresponding arguments.
idx = 0, args = List()
	at dotty.tools.dotc.core.Types$NamedType.argDenot(Types.scala:2304)
	at dotty.tools.dotc.core.Types$NamedType.fromDesignator$1(Types.scala:2218)
	at dotty.tools.dotc.core.Types$NamedType.computeDenot(Types.scala:2236)
	at dotty.tools.dotc.core.Types$NamedType.denot(Types.scala:2191)
	at dotty.tools.dotc.core.Types$NamedType.info(Types.scala:2179)
	at dotty.tools.dotc.core.Types$Type.dealias1(Types.scala:1361)
	at dotty.tools.dotc.core.Types$Type.dealias(Types.scala:1384)
	at dotty.tools.dotc.core.Definitions.isTupleNType(Definitions.scala:1476)
	at dotty.tools.dotc.printing.RefinedPrinter.toTextFunction$1$$anonfun$1(RefinedPrinter.scala:150)
	at dotty.tools.dotc.printing.Printer.atPrec(Printer.scala:43)
	at dotty.tools.dotc.printing.Printer.changePrec(Printer.scala:72)
	at dotty.tools.dotc.printing.RefinedPrinter.toTextFunction$2(RefinedPrinter.scala:160)
	at dotty.tools.dotc.printing.RefinedPrinter.appliedText$2(RefinedPrinter.scala:222)
	at dotty.tools.dotc.printing.RefinedPrinter.toText$$anonfun$1(RefinedPrinter.scala:234)
	at dotty.tools.dotc.printing.MessageLimiter.controlled(MessageLimiter.scala:23)
	at dotty.tools.dotc.printing.PlainPrinter.controlled(PlainPrinter.scala:35)
	at dotty.tools.dotc.printing.RefinedPrinter.toText(RefinedPrinter.scala:300)
	at scala.meta.internal.pc.SymbolPrinter.typeString(SymbolPrinter.scala:25)
	at scala.meta.internal.pc.SymbolPrinter.paramLabel(SymbolPrinter.scala:253)
	at scala.meta.internal.pc.SymbolPrinter.$anonfun$7(SymbolPrinter.scala:144)
	at scala.collection.immutable.List.flatMap(List.scala:293)
	at scala.meta.internal.pc.SymbolPrinter.label$2$$anonfun$1(SymbolPrinter.scala:144)
	at scala.collection.immutable.List.flatMap(List.scala:293)
	at scala.meta.internal.pc.SymbolPrinter.label$1(SymbolPrinter.scala:148)
	at scala.meta.internal.pc.SymbolPrinter.defaultMethodSignature(SymbolPrinter.scala:151)
	at scala.meta.internal.pc.SymbolPrinter.hoverDetailString(SymbolPrinter.scala:64)
	at scala.meta.internal.pc.ScalaPresentationCompiler.$anonfun$9(ScalaPresentationCompiler.scala:337)
	at scala.Option.map(Option.scala:242)
	at scala.meta.internal.pc.ScalaPresentationCompiler.hover$$anonfun$1(ScalaPresentationCompiler.scala:341)
	at scala.meta.internal.pc.CompilerAccess.withSharedCompiler(CompilerAccess.scala:137)
	at scala.meta.internal.pc.CompilerAccess.withNonInterruptableCompiler$$anonfun$1(CompilerAccess.scala:125)
	at scala.meta.internal.pc.CompilerAccess.onCompilerJobQueue$$anonfun$1(CompilerAccess.scala:197)
	at scala.meta.internal.pc.CompilerJobQueue$Job.run(CompilerJobQueue.scala:139)
	at java.base/java.util.concurrent.ThreadPoolExecutor.runWorker(ThreadPoolExecutor.java:1128)
	at java.base/java.util.concurrent.ThreadPoolExecutor$Worker.run(ThreadPoolExecutor.java:628)
	at java.base/java.lang.Thread.run(Thread.java:829)
нояб. 20, 2021 12:25:51 PM org.eclipse.lsp4j.jsonrpc.RemoteEndpoint handleCancellation
WARNING: Unmatched cancel notification for request id 349
[0m2021.11.20 12:25:57 WARN  no build target for: /Users/artem/Projects/Functional Programming/Lab3/src/main/scala/RecursiveFunc.scala[0m
[0m2021.11.20 12:27:02 INFO  shutting down Metals[0m
[0m2021.12.02 21:57:48 INFO  Started: Metals version 0.10.9 in workspace '/Users/artem/Projects/Functional Programming/Lab4' for client Visual Studio Code 1.62.2.[0m
[0m2021.12.02 21:57:53 INFO  time: initialize in 4.78s[0m
[0m2021.12.02 21:57:54 WARN  Build server is not auto-connectable.[0m
[0m2021.12.02 21:57:54 WARN  no build target for: /Users/artem/Projects/Functional Programming/Lab4/src/main/scala/Maps.scala[0m
[0m2021.12.02 21:58:01 INFO  no build target: using presentation compiler with only scala-library: 3.1.0[0m
[0m2021.12.02 21:58:04 INFO  time: code lens generation in 10s[0m
дек. 02, 2021 9:58:32 PM org.eclipse.lsp4j.jsonrpc.RemoteEndpoint handleCancellation
WARNING: Unmatched cancel notification for request id 15
[0m2021.12.02 21:58:32 WARN  no build target for: /Users/artem/Projects/Functional Programming/Lab4/src/main/scala/Sequence.scala[0m
[0m2021.12.02 21:58:50 WARN  no build target for: /Users/artem/Projects/Functional Programming/Lab4/src/main/scala/Strings.scala[0m
[0m2021.12.02 22:10:19 WARN  no build target for: /Users/artem/Projects/Functional Programming/Lab4/build.sbt[0m
[0m2021.12.02 22:15:11 INFO  skipping build import with status 'Requested'[0m
[0m2021.12.02 22:15:49 WARN  no build target for: /Users/artem/Projects/Functional Programming/Lab4/src/main/scala/Adts.scala[0m
[0m2021.12.02 22:25:17 INFO  shutting down Metals[0m
[0m2021.12.07 19:15:53 INFO  Started: Metals version 0.10.9 in workspace '/Users/artem/Projects/Functional Programming/Lab4' for client Visual Studio Code 1.62.3.[0m
[0m2021.12.07 19:15:57 INFO  time: initialize in 4.5s[0m
[0m2021.12.07 19:15:58 WARN  Build server is not auto-connectable.[0m
[0m2021.12.07 19:15:58 WARN  no build target for: /Users/artem/Projects/Functional Programming/Lab4/src/main/scala/Maps.scala[0m
[0m2021.12.07 19:15:59 INFO  skipping build import with status 'Requested'[0m
[0m2021.12.07 19:16:05 INFO  no build target: using presentation compiler with only scala-library: 3.1.0[0m
[0m2021.12.07 19:16:09 INFO  time: code lens generation in 10s[0m
дек. 07, 2021 7:21:40 PM org.eclipse.lsp4j.jsonrpc.RemoteEndpoint handleCancellation
WARNING: Unmatched cancel notification for request id 19
[0m2021.12.07 19:21:41 WARN  no build target for: /Users/artem/Projects/Functional Programming/Lab4/src/main/scala/Strings.scala[0m
[0m2021.12.08 16:29:24 WARN  no build target for: /Users/artem/Projects/Functional Programming/Lab4/src/main/scala/Strings.scala[0m
[0m2021.12.08 16:29:36 WARN  no build target for: /Users/artem/Projects/Functional Programming/Lab4/src/main/scala/Main.scala[0m
[0m2021.12.08 16:30:27 INFO  shutting down Metals[0m
[0m2021.12.08 16:31:12 INFO  Started: Metals version 0.10.9 in workspace '/Users/artem/Projects/Functional Programming/Lab4' for client Visual Studio Code 1.62.3.[0m
[0m2021.12.08 16:31:17 INFO  time: initialize in 4.64s[0m
[0m2021.12.08 16:31:17 WARN  Build server is not auto-connectable.[0m
[0m2021.12.08 16:31:18 WARN  no build target for: /Users/artem/Projects/Functional Programming/Lab4/src/main/scala/Main.scala[0m
[0m2021.12.08 16:31:18 INFO  skipping build import with status 'Requested'[0m
дек. 08, 2021 4:31:18 PM org.eclipse.lsp4j.jsonrpc.RemoteEndpoint handleCancellation
WARNING: Unmatched cancel notification for request id 1
дек. 08, 2021 4:31:19 PM org.eclipse.lsp4j.jsonrpc.RemoteEndpoint handleCancellation
WARNING: Unmatched cancel notification for request id 3
дек. 08, 2021 4:31:19 PM org.eclipse.lsp4j.jsonrpc.RemoteEndpoint handleCancellation
WARNING: Unmatched cancel notification for request id 2
[0m2021.12.08 16:31:25 INFO  no build target: using presentation compiler with only scala-library: 3.1.0[0m
дек. 08, 2021 4:31:26 PM org.eclipse.lsp4j.jsonrpc.RemoteEndpoint handleCancellation
WARNING: Unmatched cancel notification for request id 4
дек. 08, 2021 4:31:26 PM org.eclipse.lsp4j.jsonrpc.RemoteEndpoint handleCancellation
WARNING: Unmatched cancel notification for request id 13
дек. 08, 2021 4:31:26 PM org.eclipse.lsp4j.jsonrpc.RemoteEndpoint handleCancellation
WARNING: Unmatched cancel notification for request id 25
[0m2021.12.08 16:31:28 INFO  time: code lens generation in 9.2s[0m
[0m2021.12.08 16:31:28 INFO  time: code lens generation in 1.5s[0m
[0m2021.12.08 16:31:28 INFO  time: code lens generation in 1.51s[0m
[0m2021.12.08 16:31:28 INFO  time: code lens generation in 1.54s[0m
[0m2021.12.08 16:31:28 INFO  time: code lens generation in 1.65s[0m
[0m2021.12.08 16:31:28 INFO  time: code lens generation in 1.68s[0m
дек. 08, 2021 4:31:32 PM org.eclipse.lsp4j.jsonrpc.RemoteEndpoint handleCancellation
WARNING: Unmatched cancel notification for request id 33
[0m2021.12.08 16:31:45 WARN  no build target for: /Users/artem/Projects/Functional Programming/Lab4/src/main/scala/Strings.scala[0m
[0m2021.12.08 16:31:47 INFO  time: code lens generation in 2.27s[0m
дек. 08, 2021 4:31:49 PM org.eclipse.lsp4j.jsonrpc.RemoteEndpoint handleCancellation
WARNING: Unmatched cancel notification for request id 74
[0m2021.12.08 16:32:03 WARN  no build target for: /Users/artem/Projects/Functional Programming/Lab4/src/main/scala/Main.scala[0m
[0m2021.12.08 16:33:54 WARN  no build target for: /Users/artem/Projects/Functional Programming/Lab4/src/main/scala/Main.scala[0m
дек. 08, 2021 4:34:20 PM org.eclipse.lsp4j.jsonrpc.RemoteEndpoint handleCancellation
WARNING: Unmatched cancel notification for request id 148
дек. 08, 2021 4:34:27 PM org.eclipse.lsp4j.jsonrpc.RemoteEndpoint handleCancellation
WARNING: Unmatched cancel notification for request id 152
[0m2021.12.08 16:34:40 WARN  no build target for: /Users/artem/Projects/Functional Programming/Lab4/src/main/scala/Main.scala[0m
дек. 08, 2021 4:34:59 PM org.eclipse.lsp4j.jsonrpc.RemoteEndpoint handleCancellation
WARNING: Unmatched cancel notification for request id 187
[0m2021.12.08 16:37:25 WARN  no build target for: /Users/artem/Projects/Functional Programming/Lab4/src/main/scala/Strings.scala[0m
дек. 08, 2021 4:37:31 PM org.eclipse.lsp4j.jsonrpc.RemoteEndpoint handleCancellation
WARNING: Unmatched cancel notification for request id 272
[0m2021.12.08 16:37:59 WARN  no build target for: /Users/artem/Projects/Functional Programming/Lab4/src/main/scala/Main.scala[0m
дек. 08, 2021 4:38:41 PM org.eclipse.lsp4j.jsonrpc.RemoteEndpoint handleCancellation
WARNING: Unmatched cancel notification for request id 387
[0m2021.12.08 16:38:47 WARN  no build target for: /Users/artem/Projects/Functional Programming/Lab4/src/main/scala/Strings.scala[0m
дек. 08, 2021 4:38:49 PM org.eclipse.lsp4j.jsonrpc.RemoteEndpoint handleCancellation
WARNING: Unmatched cancel notification for request id 401
дек. 08, 2021 4:39:12 PM org.eclipse.lsp4j.jsonrpc.RemoteEndpoint handleCancellation
WARNING: Unmatched cancel notification for request id 407
[0m2021.12.08 16:39:34 WARN  no build target for: /Users/artem/Projects/Functional Programming/Lab4/src/main/scala/Strings.scala[0m
дек. 08, 2021 4:39:39 PM org.eclipse.lsp4j.jsonrpc.RemoteEndpoint handleCancellation
WARNING: Unmatched cancel notification for request id 460
дек. 08, 2021 4:41:04 PM org.eclipse.lsp4j.jsonrpc.RemoteEndpoint handleCancellation
WARNING: Unmatched cancel notification for request id 467
[0m2021.12.08 16:42:37 WARN  no build target for: /Users/artem/Projects/Functional Programming/Lab4/src/main/scala/Strings.scala[0m
дек. 08, 2021 4:42:38 PM org.eclipse.lsp4j.jsonrpc.RemoteEndpoint handleCancellation
WARNING: Unmatched cancel notification for request id 534
[0m2021.12.08 16:43:26 WARN  no build target for: /Users/artem/Projects/Functional Programming/Lab4/src/main/scala/Main.scala[0m
[0m2021.12.08 16:43:56 WARN  no build target for: /Users/artem/Projects/Functional Programming/Lab4/src/main/scala/Main.scala[0m
дек. 08, 2021 4:43:58 PM org.eclipse.lsp4j.jsonrpc.RemoteEndpoint handleCancellation
WARNING: Unmatched cancel notification for request id 793
[0m2021.12.08 16:44:09 WARN  no build target for: /Users/artem/Projects/Functional Programming/Lab4/src/main/scala/Sequence.scala[0m
[0m2021.12.08 16:49:07 WARN  no build target for: /Users/artem/Projects/Functional Programming/Lab4/src/main/scala/Sequence.scala[0m
дек. 08, 2021 4:49:09 PM org.eclipse.lsp4j.jsonrpc.RemoteEndpoint handleCancellation
WARNING: Unmatched cancel notification for request id 924
дек. 08, 2021 4:49:52 PM org.eclipse.lsp4j.jsonrpc.RemoteEndpoint handleCancellation
WARNING: Unmatched cancel notification for request id 1055
[0m2021.12.08 16:50:00 WARN  no build target for: /Users/artem/Projects/Functional Programming/Lab4/src/main/scala/Sequence.scala[0m
[0m2021.12.08 16:50:04 WARN  no build target for: /Users/artem/Projects/Functional Programming/Lab4/src/main/scala/Main.scala[0m
дек. 08, 2021 4:50:35 PM org.eclipse.lsp4j.jsonrpc.RemoteEndpoint handleCancellation
WARNING: Unmatched cancel notification for request id 1074
[0m2021.12.08 16:50:38 WARN  no build target for: /Users/artem/Projects/Functional Programming/Lab4/src/main/scala/Sequence.scala[0m
дек. 08, 2021 4:50:40 PM org.eclipse.lsp4j.jsonrpc.RemoteEndpoint handleCancellation
WARNING: Unmatched cancel notification for request id 1084
дек. 08, 2021 4:52:06 PM org.eclipse.lsp4j.jsonrpc.RemoteEndpoint handleCancellation
WARNING: Unmatched cancel notification for request id 1094
[0m2021.12.08 16:52:16 WARN  no build target for: /Users/artem/Projects/Functional Programming/Lab4/src/main/scala/Sequence.scala[0m
дек. 08, 2021 4:52:17 PM org.eclipse.lsp4j.jsonrpc.RemoteEndpoint handleCancellation
WARNING: Unmatched cancel notification for request id 1125
дек. 08, 2021 4:53:11 PM org.eclipse.lsp4j.jsonrpc.RemoteEndpoint handleCancellation
WARNING: Unmatched cancel notification for request id 1140
[0m2021.12.08 16:58:05 WARN  no build target for: /Users/artem/Projects/Functional Programming/Lab4/src/main/scala/Sequence.scala[0m
дек. 08, 2021 4:58:07 PM org.eclipse.lsp4j.jsonrpc.RemoteEndpoint handleCancellation
WARNING: Unmatched cancel notification for request id 1179
[0m2021.12.08 16:58:42 WARN  no build target for: /Users/artem/Projects/Functional Programming/Lab4/src/main/scala/Main.scala[0m
дек. 08, 2021 4:59:18 PM org.eclipse.lsp4j.jsonrpc.RemoteEndpoint handleCancellation
WARNING: Unmatched cancel notification for request id 1245
[0m2021.12.08 16:59:34 WARN  no build target for: /Users/artem/Projects/Functional Programming/Lab4/src/main/scala/Sequence.scala[0m
дек. 08, 2021 4:59:36 PM org.eclipse.lsp4j.jsonrpc.RemoteEndpoint handleCancellation
WARNING: Unmatched cancel notification for request id 1285
дек. 08, 2021 4:59:54 PM org.eclipse.lsp4j.jsonrpc.RemoteEndpoint handleCancellation
WARNING: Unmatched cancel notification for request id 1290
[0m2021.12.08 17:02:48 WARN  no build target for: /Users/artem/Projects/Functional Programming/Lab4/src/main/scala/Sequence.scala[0m
дек. 08, 2021 5:02:49 PM org.eclipse.lsp4j.jsonrpc.RemoteEndpoint handleCancellation
WARNING: Unmatched cancel notification for request id 1342
дек. 08, 2021 5:02:51 PM org.eclipse.lsp4j.jsonrpc.RemoteEndpoint handleCancellation
WARNING: Unmatched cancel notification for request id 1347
[0m2021.12.08 18:16:40 WARN  no build target for: /Users/artem/Projects/Functional Programming/Lab4/src/main/scala/Maps.scala[0m
дек. 08, 2021 6:27:09 PM org.eclipse.lsp4j.jsonrpc.RemoteEndpoint fallbackResponseError
SEVERE: Internal error: java.lang.reflect.InvocationTargetException
java.lang.RuntimeException: java.lang.reflect.InvocationTargetException
	at org.eclipse.lsp4j.jsonrpc.services.GenericEndpoint.lambda$null$0(GenericEndpoint.java:67)
	at org.eclipse.lsp4j.jsonrpc.services.GenericEndpoint.request(GenericEndpoint.java:120)
	at org.eclipse.lsp4j.jsonrpc.RemoteEndpoint.handleRequest(RemoteEndpoint.java:261)
	at org.eclipse.lsp4j.jsonrpc.RemoteEndpoint.consume(RemoteEndpoint.java:190)
	at org.eclipse.lsp4j.jsonrpc.json.StreamMessageProducer.handleMessage(StreamMessageProducer.java:194)
	at org.eclipse.lsp4j.jsonrpc.json.StreamMessageProducer.listen(StreamMessageProducer.java:94)
	at org.eclipse.lsp4j.jsonrpc.json.ConcurrentMessageProcessor.run(ConcurrentMessageProcessor.java:113)
	at java.base/java.util.concurrent.Executors$RunnableAdapter.call(Executors.java:515)
	at java.base/java.util.concurrent.FutureTask.run(FutureTask.java:264)
	at java.base/java.util.concurrent.ThreadPoolExecutor.runWorker(ThreadPoolExecutor.java:1128)
	at java.base/java.util.concurrent.ThreadPoolExecutor$Worker.run(ThreadPoolExecutor.java:628)
	at java.base/java.lang.Thread.run(Thread.java:829)
Caused by: java.lang.reflect.InvocationTargetException
	at jdk.internal.reflect.GeneratedMethodAccessor3.invoke(Unknown Source)
	at java.base/jdk.internal.reflect.DelegatingMethodAccessorImpl.invoke(DelegatingMethodAccessorImpl.java:43)
	at java.base/java.lang.reflect.Method.invoke(Method.java:566)
	at org.eclipse.lsp4j.jsonrpc.services.GenericEndpoint.lambda$null$0(GenericEndpoint.java:65)
	... 11 more
Caused by: java.lang.IllegalArgumentException: 26 is not a valid line number, allowed [0..25]
	at scala.meta.internal.inputs.InternalInput.lineToOffset(InternalInput.scala:37)
	at scala.meta.internal.inputs.InternalInput.lineToOffset$(InternalInput.scala:32)
	at scala.meta.inputs.Input$VirtualFile.lineToOffset(Input.scala:80)
	at scala.meta.inputs.Position$Range$.apply(Position.scala:59)
	at scala.meta.internal.mtags.MtagsEnrichments$XtensionPositionLspInverse.toMeta(MtagsEnrichments.scala:133)
	at scala.meta.internal.parsing.Trees.$anonfun$findLastEnclosingAt$4(Trees.scala:77)
	at scala.Option.flatMap(Option.scala:271)
	at scala.meta.internal.parsing.Trees.findLastEnclosingAt(Trees.scala:76)
	at scala.meta.internal.metals.codeactions.PatternMatchRefactor.contribute(PatternMatchRefactor.scala:96)
	at scala.meta.internal.metals.CodeActionProvider$$anonfun$1.applyOrElse(CodeActionProvider.scala:62)
	at scala.meta.internal.metals.CodeActionProvider$$anonfun$1.applyOrElse(CodeActionProvider.scala:61)
	at scala.collection.immutable.List.collect(List.scala:323)
	at scala.meta.internal.metals.CodeActionProvider.codeActions(CodeActionProvider.scala:61)
	at scala.meta.internal.metals.MetalsLanguageServer.$anonfun$codeAction$1(MetalsLanguageServer.scala:1555)
	at scala.meta.internal.metals.CancelTokens$.future(CancelTokens.scala:38)
	at scala.meta.internal.metals.MetalsLanguageServer.codeAction(MetalsLanguageServer.scala:1554)
	... 15 more

дек. 08, 2021 6:32:46 PM org.eclipse.lsp4j.jsonrpc.RemoteEndpoint fallbackResponseError
SEVERE: Internal error: java.lang.reflect.InvocationTargetException
java.lang.RuntimeException: java.lang.reflect.InvocationTargetException
	at org.eclipse.lsp4j.jsonrpc.services.GenericEndpoint.lambda$null$0(GenericEndpoint.java:67)
	at org.eclipse.lsp4j.jsonrpc.services.GenericEndpoint.request(GenericEndpoint.java:120)
	at org.eclipse.lsp4j.jsonrpc.RemoteEndpoint.handleRequest(RemoteEndpoint.java:261)
	at org.eclipse.lsp4j.jsonrpc.RemoteEndpoint.consume(RemoteEndpoint.java:190)
	at org.eclipse.lsp4j.jsonrpc.json.StreamMessageProducer.handleMessage(StreamMessageProducer.java:194)
	at org.eclipse.lsp4j.jsonrpc.json.StreamMessageProducer.listen(StreamMessageProducer.java:94)
	at org.eclipse.lsp4j.jsonrpc.json.ConcurrentMessageProcessor.run(ConcurrentMessageProcessor.java:113)
	at java.base/java.util.concurrent.Executors$RunnableAdapter.call(Executors.java:515)
	at java.base/java.util.concurrent.FutureTask.run(FutureTask.java:264)
	at java.base/java.util.concurrent.ThreadPoolExecutor.runWorker(ThreadPoolExecutor.java:1128)
	at java.base/java.util.concurrent.ThreadPoolExecutor$Worker.run(ThreadPoolExecutor.java:628)
	at java.base/java.lang.Thread.run(Thread.java:829)
Caused by: java.lang.reflect.InvocationTargetException
	at jdk.internal.reflect.GeneratedMethodAccessor3.invoke(Unknown Source)
	at java.base/jdk.internal.reflect.DelegatingMethodAccessorImpl.invoke(DelegatingMethodAccessorImpl.java:43)
	at java.base/java.lang.reflect.Method.invoke(Method.java:566)
	at org.eclipse.lsp4j.jsonrpc.services.GenericEndpoint.lambda$null$0(GenericEndpoint.java:65)
	... 11 more
Caused by: java.lang.IllegalArgumentException: 26 is not a valid line number, allowed [0..25]
	at scala.meta.internal.inputs.InternalInput.lineToOffset(InternalInput.scala:37)
	at scala.meta.internal.inputs.InternalInput.lineToOffset$(InternalInput.scala:32)
	at scala.meta.inputs.Input$VirtualFile.lineToOffset(Input.scala:80)
	at scala.meta.inputs.Position$Range$.apply(Position.scala:59)
	at scala.meta.internal.mtags.MtagsEnrichments$XtensionPositionLspInverse.toMeta(MtagsEnrichments.scala:133)
	at scala.meta.internal.parsing.Trees.$anonfun$findLastEnclosingAt$4(Trees.scala:77)
	at scala.Option.flatMap(Option.scala:271)
	at scala.meta.internal.parsing.Trees.findLastEnclosingAt(Trees.scala:76)
	at scala.meta.internal.metals.codeactions.PatternMatchRefactor.contribute(PatternMatchRefactor.scala:96)
	at scala.meta.internal.metals.CodeActionProvider$$anonfun$1.applyOrElse(CodeActionProvider.scala:62)
	at scala.meta.internal.metals.CodeActionProvider$$anonfun$1.applyOrElse(CodeActionProvider.scala:61)
	at scala.collection.immutable.List.collect(List.scala:323)
	at scala.meta.internal.metals.CodeActionProvider.codeActions(CodeActionProvider.scala:61)
	at scala.meta.internal.metals.MetalsLanguageServer.$anonfun$codeAction$1(MetalsLanguageServer.scala:1555)
	at scala.meta.internal.metals.CancelTokens$.future(CancelTokens.scala:38)
	at scala.meta.internal.metals.MetalsLanguageServer.codeAction(MetalsLanguageServer.scala:1554)
	... 15 more

дек. 08, 2021 6:32:47 PM org.eclipse.lsp4j.jsonrpc.RemoteEndpoint fallbackResponseError
SEVERE: Internal error: java.lang.reflect.InvocationTargetException
java.lang.RuntimeException: java.lang.reflect.InvocationTargetException
	at org.eclipse.lsp4j.jsonrpc.services.GenericEndpoint.lambda$null$0(GenericEndpoint.java:67)
	at org.eclipse.lsp4j.jsonrpc.services.GenericEndpoint.request(GenericEndpoint.java:120)
	at org.eclipse.lsp4j.jsonrpc.RemoteEndpoint.handleRequest(RemoteEndpoint.java:261)
	at org.eclipse.lsp4j.jsonrpc.RemoteEndpoint.consume(RemoteEndpoint.java:190)
	at org.eclipse.lsp4j.jsonrpc.json.StreamMessageProducer.handleMessage(StreamMessageProducer.java:194)
	at org.eclipse.lsp4j.jsonrpc.json.StreamMessageProducer.listen(StreamMessageProducer.java:94)
	at org.eclipse.lsp4j.jsonrpc.json.ConcurrentMessageProcessor.run(ConcurrentMessageProcessor.java:113)
	at java.base/java.util.concurrent.Executors$RunnableAdapter.call(Executors.java:515)
	at java.base/java.util.concurrent.FutureTask.run(FutureTask.java:264)
	at java.base/java.util.concurrent.ThreadPoolExecutor.runWorker(ThreadPoolExecutor.java:1128)
	at java.base/java.util.concurrent.ThreadPoolExecutor$Worker.run(ThreadPoolExecutor.java:628)
	at java.base/java.lang.Thread.run(Thread.java:829)
Caused by: java.lang.reflect.InvocationTargetException
	at jdk.internal.reflect.GeneratedMethodAccessor3.invoke(Unknown Source)
	at java.base/jdk.internal.reflect.DelegatingMethodAccessorImpl.invoke(DelegatingMethodAccessorImpl.java:43)
	at java.base/java.lang.reflect.Method.invoke(Method.java:566)
	at org.eclipse.lsp4j.jsonrpc.services.GenericEndpoint.lambda$null$0(GenericEndpoint.java:65)
	... 11 more
Caused by: java.lang.IllegalArgumentException: 26 is not a valid line number, allowed [0..25]
	at scala.meta.internal.inputs.InternalInput.lineToOffset(InternalInput.scala:37)
	at scala.meta.internal.inputs.InternalInput.lineToOffset$(InternalInput.scala:32)
	at scala.meta.inputs.Input$VirtualFile.lineToOffset(Input.scala:80)
	at scala.meta.inputs.Position$Range$.apply(Position.scala:59)
	at scala.meta.internal.mtags.MtagsEnrichments$XtensionPositionLspInverse.toMeta(MtagsEnrichments.scala:133)
	at scala.meta.internal.parsing.Trees.$anonfun$findLastEnclosingAt$4(Trees.scala:77)
	at scala.Option.flatMap(Option.scala:271)
	at scala.meta.internal.parsing.Trees.findLastEnclosingAt(Trees.scala:76)
	at scala.meta.internal.metals.codeactions.PatternMatchRefactor.contribute(PatternMatchRefactor.scala:96)
	at scala.meta.internal.metals.CodeActionProvider$$anonfun$1.applyOrElse(CodeActionProvider.scala:62)
	at scala.meta.internal.metals.CodeActionProvider$$anonfun$1.applyOrElse(CodeActionProvider.scala:61)
	at scala.collection.immutable.List.collect(List.scala:323)
	at scala.meta.internal.metals.CodeActionProvider.codeActions(CodeActionProvider.scala:61)
	at scala.meta.internal.metals.MetalsLanguageServer.$anonfun$codeAction$1(MetalsLanguageServer.scala:1555)
	at scala.meta.internal.metals.CancelTokens$.future(CancelTokens.scala:38)
	at scala.meta.internal.metals.MetalsLanguageServer.codeAction(MetalsLanguageServer.scala:1554)
	... 15 more

[0m2021.12.08 18:33:02 WARN  no build target for: /Users/artem/Projects/Functional Programming/Lab4/src/main/scala/Maps.scala[0m
дек. 08, 2021 6:33:09 PM org.eclipse.lsp4j.jsonrpc.RemoteEndpoint handleCancellation
WARNING: Unmatched cancel notification for request id 2161
[0m2021.12.08 18:33:13 WARN  no build target for: /Users/artem/Projects/Functional Programming/Lab4/src/main/scala/Sequence.scala[0m
[0m2021.12.08 18:33:44 WARN  no build target for: /Users/artem/Projects/Functional Programming/Lab4/src/main/scala/Sequence.scala[0m
дек. 08, 2021 6:34:10 PM org.eclipse.lsp4j.jsonrpc.RemoteEndpoint handleCancellation
WARNING: Unmatched cancel notification for request id 2181
дек. 08, 2021 6:34:33 PM org.eclipse.lsp4j.jsonrpc.RemoteEndpoint handleCancellation
WARNING: Unmatched cancel notification for request id 2205
[0m2021.12.08 18:34:49 WARN  no build target for: /Users/artem/Projects/Functional Programming/Lab4/src/main/scala/Sequence.scala[0m
дек. 08, 2021 6:35:00 PM org.eclipse.lsp4j.jsonrpc.RemoteEndpoint handleCancellation
WARNING: Unmatched cancel notification for request id 2263
[0m2021.12.08 18:35:01 WARN  no build target for: /Users/artem/Projects/Functional Programming/Lab4/src/main/scala/Maps.scala[0m
дек. 08, 2021 6:35:09 PM org.eclipse.lsp4j.jsonrpc.RemoteEndpoint handleCancellation
WARNING: Unmatched cancel notification for request id 2268
дек. 08, 2021 6:35:17 PM org.eclipse.lsp4j.jsonrpc.RemoteEndpoint handleCancellation
WARNING: Unmatched cancel notification for request id 2315
дек. 08, 2021 6:35:19 PM org.eclipse.lsp4j.jsonrpc.RemoteEndpoint handleCancellation
WARNING: Unmatched cancel notification for request id 2321
[0m2021.12.08 18:36:42 WARN  no build target for: /Users/artem/Projects/Functional Programming/Lab4/src/main/scala/Main.scala[0m
дек. 08, 2021 6:37:14 PM org.eclipse.lsp4j.jsonrpc.RemoteEndpoint handleCancellation
WARNING: Unmatched cancel notification for request id 2569
дек. 08, 2021 6:37:19 PM org.eclipse.lsp4j.jsonrpc.RemoteEndpoint handleCancellation
WARNING: Unmatched cancel notification for request id 2577
дек. 08, 2021 6:37:23 PM org.eclipse.lsp4j.jsonrpc.RemoteEndpoint handleCancellation
WARNING: Unmatched cancel notification for request id 2594
[0m2021.12.08 18:37:27 WARN  no build target for: /Users/artem/Projects/Functional Programming/Lab4/src/main/scala/Main.scala[0m
дек. 08, 2021 6:38:01 PM org.eclipse.lsp4j.jsonrpc.RemoteEndpoint handleCancellation
WARNING: Unmatched cancel notification for request id 2606
дек. 08, 2021 6:44:12 PM org.eclipse.lsp4j.jsonrpc.RemoteEndpoint handleCancellation
WARNING: Unmatched cancel notification for request id 2716
дек. 08, 2021 6:45:09 PM org.eclipse.lsp4j.jsonrpc.RemoteEndpoint handleCancellation
WARNING: Unmatched cancel notification for request id 2757
[0m2021.12.08 18:45:45 WARN  no build target for: /Users/artem/Projects/Functional Programming/Lab4/src/main/scala/Maps.scala[0m
дек. 08, 2021 6:45:48 PM org.eclipse.lsp4j.jsonrpc.RemoteEndpoint handleCancellation
WARNING: Unmatched cancel notification for request id 2879
[0m2021.12.08 18:47:08 WARN  no build target for: /Users/artem/Projects/Functional Programming/Lab4/src/main/scala/Main.scala[0m
дек. 08, 2021 6:47:22 PM org.eclipse.lsp4j.jsonrpc.RemoteEndpoint handleCancellation
WARNING: Unmatched cancel notification for request id 3034
[0m2021.12.08 18:47:26 WARN  no build target for: /Users/artem/Projects/Functional Programming/Lab4/src/main/scala/Maps.scala[0m
[0m2021.12.08 18:49:56 WARN  no build target for: /Users/artem/Projects/Functional Programming/Lab4/src/main/scala/Maps.scala[0m
дек. 08, 2021 6:50:24 PM org.eclipse.lsp4j.jsonrpc.RemoteEndpoint handleCancellation
WARNING: Unmatched cancel notification for request id 3181
дек. 08, 2021 6:50:27 PM org.eclipse.lsp4j.jsonrpc.RemoteEndpoint handleCancellation
WARNING: Unmatched cancel notification for request id 3187
дек. 08, 2021 6:50:49 PM org.eclipse.lsp4j.jsonrpc.RemoteEndpoint handleCancellation
WARNING: Unmatched cancel notification for request id 3199
[0m2021.12.08 18:50:52 WARN  no build target for: /Users/artem/Projects/Functional Programming/Lab4/src/main/scala/Main.scala[0m
[0m2021.12.08 19:38:38 WARN  no build target for: /Users/artem/Projects/Functional Programming/Lab4/src/main/scala/Main.scala[0m
дек. 08, 2021 7:39:26 PM org.eclipse.lsp4j.jsonrpc.RemoteEndpoint handleCancellation
WARNING: Unmatched cancel notification for request id 3267
[0m2021.12.08 19:39:40 WARN  no build target for: /Users/artem/Projects/Functional Programming/Lab4/src/main/scala/Main.scala[0m
дек. 08, 2021 7:39:43 PM org.eclipse.lsp4j.jsonrpc.RemoteEndpoint handleCancellation
WARNING: Unmatched cancel notification for request id 3319
[0m2021.12.08 19:40:25 WARN  no build target for: /Users/artem/Projects/Functional Programming/Lab4/src/main/scala/Maps.scala[0m
дек. 08, 2021 7:42:05 PM org.eclipse.lsp4j.jsonrpc.RemoteEndpoint handleCancellation
WARNING: Unmatched cancel notification for request id 3549
Exception in thread "pool-3-thread-1" java.lang.InterruptedException
	at scala.meta.internal.metals.FutureCancelToken.checkCanceled(FutureCancelToken.scala:29)
	at scala.meta.internal.pc.CompilerAccess.onCompilerJobQueue$$anonfun$1(CompilerAccess.scala:195)
	at scala.meta.internal.pc.CompilerJobQueue$Job.run(CompilerJobQueue.scala:139)
	at java.base/java.util.concurrent.ThreadPoolExecutor.runWorker(ThreadPoolExecutor.java:1128)
	at java.base/java.util.concurrent.ThreadPoolExecutor$Worker.run(ThreadPoolExecutor.java:628)
	at java.base/java.lang.Thread.run(Thread.java:829)
дек. 08, 2021 7:57:51 PM org.eclipse.lsp4j.jsonrpc.RemoteEndpoint handleCancellation
WARNING: Unmatched cancel notification for request id 3964
[0m2021.12.08 20:15:36 WARN  no build target for: /Users/artem/Projects/Functional Programming/Lab4/src/main/scala/Maps.scala[0m
дек. 08, 2021 8:15:43 PM org.eclipse.lsp4j.jsonrpc.RemoteEndpoint handleCancellation
WARNING: Unmatched cancel notification for request id 4639
[0m2021.12.08 20:17:32 WARN  no build target for: /Users/artem/Projects/Functional Programming/Lab4/src/main/scala/Main.scala[0m
дек. 08, 2021 8:18:48 PM org.eclipse.lsp4j.jsonrpc.RemoteEndpoint handleCancellation
WARNING: Unmatched cancel notification for request id 4978
дек. 08, 2021 8:18:55 PM org.eclipse.lsp4j.jsonrpc.RemoteEndpoint handleCancellation
WARNING: Unmatched cancel notification for request id 5022
[0m2021.12.08 20:19:20 WARN  no build target for: /Users/artem/Projects/Functional Programming/Lab4/src/main/scala/Main.scala[0m
дек. 08, 2021 8:19:42 PM org.eclipse.lsp4j.jsonrpc.RemoteEndpoint handleCancellation
WARNING: Unmatched cancel notification for request id 5090
дек. 08, 2021 8:19:42 PM org.eclipse.lsp4j.jsonrpc.RemoteEndpoint handleCancellation
WARNING: Unmatched cancel notification for request id 5094
дек. 08, 2021 8:19:42 PM org.eclipse.lsp4j.jsonrpc.RemoteEndpoint handleCancellation
WARNING: Unmatched cancel notification for request id 5093
дек. 08, 2021 8:19:42 PM org.eclipse.lsp4j.jsonrpc.RemoteEndpoint handleCancellation
WARNING: Unmatched cancel notification for request id 5095
[0m2021.12.08 20:19:53 WARN  no build target for: /Users/artem/Projects/Functional Programming/Lab4/src/main/scala/Main.scala[0m
дек. 08, 2021 8:20:17 PM org.eclipse.lsp4j.jsonrpc.RemoteEndpoint handleCancellation
WARNING: Unmatched cancel notification for request id 5140
Exception in thread "pool-3-thread-2" java.lang.InterruptedException
	at scala.meta.internal.metals.FutureCancelToken.checkCanceled(FutureCancelToken.scala:29)
	at scala.meta.internal.pc.CompilerAccess.onCompilerJobQueue$$anonfun$1(CompilerAccess.scala:195)
	at scala.meta.internal.pc.CompilerJobQueue$Job.run(CompilerJobQueue.scala:139)
	at java.base/java.util.concurrent.ThreadPoolExecutor.runWorker(ThreadPoolExecutor.java:1128)
	at java.base/java.util.concurrent.ThreadPoolExecutor$Worker.run(ThreadPoolExecutor.java:628)
	at java.base/java.lang.Thread.run(Thread.java:829)
[0m2021.12.08 20:20:57 WARN  no build target for: /Users/artem/Projects/Functional Programming/Lab4/src/main/scala/Maps.scala[0m
дек. 08, 2021 8:21:10 PM org.eclipse.lsp4j.jsonrpc.RemoteEndpoint handleCancellation
WARNING: Unmatched cancel notification for request id 5194
дек. 08, 2021 8:21:15 PM org.eclipse.lsp4j.jsonrpc.RemoteEndpoint handleCancellation
WARNING: Unmatched cancel notification for request id 5202
дек. 08, 2021 8:21:54 PM org.eclipse.lsp4j.jsonrpc.RemoteEndpoint handleCancellation
WARNING: Unmatched cancel notification for request id 5282
[0m2021.12.08 20:23:34 WARN  no build target for: /Users/artem/Projects/Functional Programming/Lab4/src/main/scala/Maps.scala[0m
дек. 08, 2021 8:25:01 PM org.eclipse.lsp4j.jsonrpc.RemoteEndpoint handleCancellation
WARNING: Unmatched cancel notification for request id 5533
[0m2021.12.08 20:25:06 WARN  no build target for: /Users/artem/Projects/Functional Programming/Lab4/src/main/scala/Adts.scala[0m
дек. 08, 2021 8:28:07 PM org.eclipse.lsp4j.jsonrpc.RemoteEndpoint handleCancellation
WARNING: Unmatched cancel notification for request id 5726
[0m2021.12.08 20:28:50 WARN  no build target for: /Users/artem/Projects/Functional Programming/Lab4/src/main/scala/Adts.scala[0m
дек. 08, 2021 8:28:52 PM org.eclipse.lsp4j.jsonrpc.RemoteEndpoint handleCancellation
WARNING: Unmatched cancel notification for request id 5900
дек. 08, 2021 8:29:23 PM org.eclipse.lsp4j.jsonrpc.RemoteEndpoint handleCancellation
WARNING: Unmatched cancel notification for request id 5912
[0m2021.12.08 20:29:40 WARN  no build target for: /Users/artem/Projects/Functional Programming/Lab4/src/main/scala/Adts.scala[0m
[0m2021.12.08 20:31:02 WARN  no build target for: /Users/artem/Projects/Functional Programming/Lab4/src/main/scala/Adts.scala[0m
[0m2021.12.08 20:36:41 WARN  no build target for: /Users/artem/Projects/Functional Programming/Lab4/src/main/scala/Adts.scala[0m
[0m2021.12.08 20:37:19 WARN  no build target for: /Users/artem/Projects/Functional Programming/Lab4/src/main/scala/Adts.scala[0m
[0m2021.12.08 20:39:41 WARN  no build target for: /Users/artem/Projects/Functional Programming/Lab4/src/main/scala/Adts.scala[0m
[0m2021.12.08 20:40:07 WARN  no build target for: /Users/artem/Projects/Functional Programming/Lab4/src/main/scala/Adts.scala[0m
[0m2021.12.08 20:40:25 WARN  no build target for: /Users/artem/Projects/Functional Programming/Lab4/src/main/scala/Adts.scala[0m
[0m2021.12.08 20:45:21 WARN  no build target for: /Users/artem/Projects/Functional Programming/Lab4/src/main/scala/Adts.scala[0m
дек. 08, 2021 8:45:36 PM org.eclipse.lsp4j.jsonrpc.RemoteEndpoint handleCancellation
WARNING: Unmatched cancel notification for request id 6681
дек. 08, 2021 8:45:36 PM org.eclipse.lsp4j.jsonrpc.RemoteEndpoint handleCancellation
WARNING: Unmatched cancel notification for request id 6683
[0m2021.12.08 20:45:39 WARN  no build target for: /Users/artem/Projects/Functional Programming/Lab4/src/main/scala/Adts.scala[0m
[0m2021.12.08 20:46:00 WARN  no build target for: /Users/artem/Projects/Functional Programming/Lab4/src/main/scala/Adts.scala[0m
[0m2021.12.08 20:46:00 WARN  no build target for: /Users/artem/Projects/Functional Programming/Lab4/src/main/scala/Adts.scala[0m
дек. 08, 2021 8:46:20 PM org.eclipse.lsp4j.jsonrpc.RemoteEndpoint handleCancellation
WARNING: Unmatched cancel notification for request id 6747
[0m2021.12.08 20:46:46 WARN  no build target for: /Users/artem/Projects/Functional Programming/Lab4/src/main/scala/Main.scala[0m
[0m2021.12.08 20:47:08 WARN  no build target for: /Users/artem/Projects/Functional Programming/Lab4/src/main/scala/Main.scala[0m
[0m2021.12.08 20:48:21 WARN  no build target for: /Users/artem/Projects/Functional Programming/Lab4/src/main/scala/Main.scala[0m
дек. 08, 2021 8:48:43 PM org.eclipse.lsp4j.jsonrpc.RemoteEndpoint handleCancellation
WARNING: Unmatched cancel notification for request id 6928
[0m2021.12.08 21:03:23 WARN  no build target for: /Users/artem/Projects/Functional Programming/Lab4/src/main/scala/Adts.scala[0m
[0m2021.12.08 21:03:52 WARN  no build target for: /Users/artem/Projects/Functional Programming/Lab4/src/main/scala/Adts.scala[0m
дек. 08, 2021 9:03:55 PM org.eclipse.lsp4j.jsonrpc.RemoteEndpoint handleCancellation
WARNING: Unmatched cancel notification for request id 7508
дек. 08, 2021 9:04:03 PM org.eclipse.lsp4j.jsonrpc.RemoteEndpoint handleCancellation
WARNING: Unmatched cancel notification for request id 7556
[0m2021.12.08 21:04:15 WARN  no build target for: /Users/artem/Projects/Functional Programming/Lab4/src/main/scala/Main.scala[0m
дек. 08, 2021 9:04:28 PM org.eclipse.lsp4j.jsonrpc.RemoteEndpoint handleCancellation
WARNING: Unmatched cancel notification for request id 7596
[0m2021.12.08 21:05:04 WARN  no build target for: /Users/artem/Projects/Functional Programming/Lab4/src/main/scala/Adts.scala[0m
дек. 08, 2021 9:05:10 PM org.eclipse.lsp4j.jsonrpc.RemoteEndpoint handleCancellation
WARNING: Unmatched cancel notification for request id 7691
дек. 08, 2021 9:05:25 PM org.eclipse.lsp4j.jsonrpc.RemoteEndpoint handleCancellation
WARNING: Unmatched cancel notification for request id 7697
[0m2021.12.08 21:05:34 WARN  no build target for: /Users/artem/Projects/Functional Programming/Lab4/src/main/scala/Adts.scala[0m
[0m2021.12.08 21:05:40 WARN  no build target for: /Users/artem/Projects/Functional Programming/Lab4/src/main/scala/Adts.scala[0m
дек. 08, 2021 9:05:42 PM org.eclipse.lsp4j.jsonrpc.RemoteEndpoint handleCancellation
WARNING: Unmatched cancel notification for request id 7740
дек. 08, 2021 9:05:58 PM org.eclipse.lsp4j.jsonrpc.RemoteEndpoint handleCancellation
WARNING: Unmatched cancel notification for request id 7749
[0m2021.12.08 21:06:11 WARN  no build target for: /Users/artem/Projects/Functional Programming/Lab4/src/main/scala/Adts.scala[0m
дек. 08, 2021 9:06:12 PM org.eclipse.lsp4j.jsonrpc.RemoteEndpoint handleCancellation
WARNING: Unmatched cancel notification for request id 7789
дек. 08, 2021 9:06:40 PM org.eclipse.lsp4j.jsonrpc.RemoteEndpoint handleCancellation
WARNING: Unmatched cancel notification for request id 7806
[0m2021.12.08 21:09:17 WARN  no build target for: /Users/artem/Projects/Functional Programming/Lab4/src/main/scala/Adts.scala[0m
[0m2021.12.08 21:09:30 WARN  no build target for: /Users/artem/Projects/Functional Programming/Lab4/src/main/scala/Adts.scala[0m
дек. 08, 2021 9:09:31 PM org.eclipse.lsp4j.jsonrpc.RemoteEndpoint handleCancellation
WARNING: Unmatched cancel notification for request id 8358
[0m2021.12.08 21:09:57 WARN  no build target for: /Users/artem/Projects/Functional Programming/Lab4/src/main/scala/Main.scala[0m
[0m2021.12.08 21:10:21 WARN  no build target for: /Users/artem/Projects/Functional Programming/Lab4/src/main/scala/Main.scala[0m
[0m2021.12.08 21:10:30 WARN  no build target for: /Users/artem/Projects/Functional Programming/Lab4/src/main/scala/Main.scala[0m
дек. 08, 2021 9:10:50 PM org.eclipse.lsp4j.jsonrpc.RemoteEndpoint handleCancellation
WARNING: Unmatched cancel notification for request id 8526
[0m2021.12.08 21:18:07 WARN  no build target for: /Users/artem/Projects/Functional Programming/Lab4/src/main/scala/Adts.scala[0m
дек. 08, 2021 9:18:08 PM org.eclipse.lsp4j.jsonrpc.RemoteEndpoint handleCancellation
WARNING: Unmatched cancel notification for request id 8758
дек. 08, 2021 9:19:03 PM org.eclipse.lsp4j.jsonrpc.RemoteEndpoint handleCancellation
WARNING: Unmatched cancel notification for request id 8943
дек. 08, 2021 9:19:03 PM org.eclipse.lsp4j.jsonrpc.RemoteEndpoint handleCancellation
WARNING: Unmatched cancel notification for request id 8945
[0m2021.12.08 21:20:14 WARN  no build target for: /Users/artem/Projects/Functional Programming/Lab4/src/main/scala/Main.scala[0m
[0m2021.12.08 21:20:43 WARN  no build target for: /Users/artem/Projects/Functional Programming/Lab4/src/main/scala/Main.scala[0m
дек. 08, 2021 9:20:59 PM org.eclipse.lsp4j.jsonrpc.RemoteEndpoint handleCancellation
WARNING: Unmatched cancel notification for request id 9138
дек. 08, 2021 9:21:12 PM org.eclipse.lsp4j.jsonrpc.RemoteEndpoint handleCancellation
WARNING: Unmatched cancel notification for request id 9151
[0m2021.12.08 21:21:13 WARN  no build target for: /Users/artem/Projects/Functional Programming/Lab4/src/main/scala/Strings.scala[0m
дек. 08, 2021 9:21:19 PM org.eclipse.lsp4j.jsonrpc.RemoteEndpoint handleCancellation
WARNING: Unmatched cancel notification for request id 9161
[0m2021.12.09 09:35:02 WARN  no build target for: /Users/artem/Projects/Functional Programming/Lab4/src/main/scala/Sequence.scala[0m
[0m2021.12.09 09:35:59 WARN  no build target for: /Users/artem/Projects/Functional Programming/Lab4/src/main/scala/Sequence.scala[0m
[0m2021.12.09 09:56:32 WARN  no build target for: /Users/artem/Projects/Functional Programming/Lab4/src/main/scala/Sequence.scala[0m
[0m2021.12.09 09:57:00 WARN  no build target for: /Users/artem/Projects/Functional Programming/Lab4/src/main/scala/Sequence.scala[0m
[0m2021.12.09 10:02:07 WARN  no build target for: /Users/artem/Projects/Functional Programming/Lab4/src/main/scala/Sequence.scala[0m
дек. 09, 2021 10:02:30 AM org.eclipse.lsp4j.jsonrpc.RemoteEndpoint handleCancellation
WARNING: Unmatched cancel notification for request id 9414
дек. 09, 2021 10:03:56 AM org.eclipse.lsp4j.jsonrpc.RemoteEndpoint handleCancellation
WARNING: Unmatched cancel notification for request id 9630
[0m2021.12.09 10:04:40 WARN  no build target for: /Users/artem/Projects/Functional Programming/Lab4/src/main/scala/Main.scala[0m
[0m2021.12.09 10:05:20 WARN  no build target for: /Users/artem/Projects/Functional Programming/Lab4/src/main/scala/Main.scala[0m
дек. 09, 2021 10:05:35 AM org.eclipse.lsp4j.jsonrpc.RemoteEndpoint handleCancellation
WARNING: Unmatched cancel notification for request id 9835
[0m2021.12.09 10:14:40 WARN  no build target for: /Users/artem/Projects/Functional Programming/Lab4/src/main/scala/Sequence.scala[0m
дек. 09, 2021 10:15:17 AM org.eclipse.lsp4j.jsonrpc.RemoteEndpoint handleCancellation
WARNING: Unmatched cancel notification for request id 9890
[0m2021.12.09 10:15:22 WARN  no build target for: /Users/artem/Projects/Functional Programming/Lab4/src/main/scala/Main.scala[0m
[0m2021.12.09 10:16:04 WARN  no build target for: /Users/artem/Projects/Functional Programming/Lab4/src/main/scala/Main.scala[0m
дек. 09, 2021 10:16:48 AM org.eclipse.lsp4j.jsonrpc.RemoteEndpoint handleCancellation
WARNING: Unmatched cancel notification for request id 9971
[0m2021.12.09 10:21:29 WARN  no build target for: /Users/artem/Projects/Functional Programming/Lab4/src/main/scala/Sequence.scala[0m
[0m2021.12.09 10:23:33 WARN  no build target for: /Users/artem/Projects/Functional Programming/Lab4/src/main/scala/Sequence.scala[0m
дек. 09, 2021 10:25:09 AM org.eclipse.lsp4j.jsonrpc.RemoteEndpoint handleCancellation
WARNING: Unmatched cancel notification for request id 10377
[0m2021.12.09 10:25:48 WARN  no build target for: /Users/artem/Projects/Functional Programming/Lab4/src/main/scala/Sequence.scala[0m
дек. 09, 2021 10:25:53 AM org.eclipse.lsp4j.jsonrpc.RemoteEndpoint handleCancellation
WARNING: Unmatched cancel notification for request id 10447
дек. 09, 2021 10:26:34 AM org.eclipse.lsp4j.jsonrpc.RemoteEndpoint handleCancellation
WARNING: Unmatched cancel notification for request id 10579
[0m2021.12.09 10:26:40 WARN  no build target for: /Users/artem/Projects/Functional Programming/Lab4/src/main/scala/Sequence.scala[0m
[0m2021.12.09 10:27:02 WARN  no build target for: /Users/artem/Projects/Functional Programming/Lab4/src/main/scala/Sequence.scala[0m
дек. 09, 2021 10:30:22 AM org.eclipse.lsp4j.jsonrpc.RemoteEndpoint handleCancellation
WARNING: Unmatched cancel notification for request id 10608
[0m2021.12.09 10:30:23 WARN  no build target for: /Users/artem/Projects/Functional Programming/Lab4/src/main/scala/Main.scala[0m
[0m2021.12.09 10:30:38 INFO  shutting down Metals[0m
[0m2021.12.09 10:33:52 INFO  Started: Metals version 0.10.9 in workspace '/Users/artem/Projects/Functional Programming/Lab4' for client Visual Studio Code 1.62.3.[0m
[0m2021.12.09 10:33:56 INFO  time: initialize in 4.56s[0m
[0m2021.12.09 10:33:57 WARN  Build server is not auto-connectable.[0m
[0m2021.12.09 10:33:57 WARN  no build target for: /Users/artem/Projects/Functional Programming/Lab4/src/main/scala/Maps.scala[0m
[0m2021.12.09 10:33:57 WARN  no build target for: /Users/artem/Projects/Functional Programming/Lab4/src/main/scala/Main.scala[0m
[0m2021.12.09 10:33:57 INFO  skipping build import with status 'Requested'[0m
[0m2021.12.09 10:34:05 INFO  no build target: using presentation compiler with only scala-library: 3.1.0[0m
[0m2021.12.09 10:34:10 INFO  time: code lens generation in 10s[0m
[0m2021.12.09 10:34:13 WARN  no build target for: /Users/artem/Projects/Functional Programming/Lab4/src/main/scala/Sequence.scala[0m
[0m2021.12.09 10:34:14 INFO  time: code lens generation in 1.26s[0m
[0m2021.12.09 10:34:16 WARN  no build target for: /Users/artem/Projects/Functional Programming/Lab4/src/main/scala/Adts.scala[0m
дек. 09, 2021 10:40:27 AM org.eclipse.lsp4j.jsonrpc.RemoteEndpoint handleCancellation
WARNING: Unmatched cancel notification for request id 17
[0m2021.12.09 10:40:32 WARN  no build target for: /Users/artem/Projects/Functional Programming/Lab4/src/main/scala/Sequence.scala[0m
дек. 09, 2021 10:40:38 AM org.eclipse.lsp4j.jsonrpc.RemoteEndpoint handleCancellation
WARNING: Unmatched cancel notification for request id 37
дек. 09, 2021 10:40:49 AM org.eclipse.lsp4j.jsonrpc.RemoteEndpoint handleCancellation
WARNING: Unmatched cancel notification for request id 42
[0m2021.12.09 10:40:53 WARN  no build target for: /Users/artem/Projects/Functional Programming/Lab4/src/main/scala/Main.scala[0m
[0m2021.12.09 10:42:15 WARN  no build target for: /Users/artem/Projects/Functional Programming/Lab4/src/main/scala/Main.scala[0m
[0m2021.12.09 10:42:37 WARN  no build target for: /Users/artem/Projects/Functional Programming/Lab4/src/main/scala/Main.scala[0m
[0m2021.12.09 10:43:01 WARN  no build target for: /Users/artem/Projects/Functional Programming/Lab4/src/main/scala/Main.scala[0m
дек. 09, 2021 10:43:34 AM org.eclipse.lsp4j.jsonrpc.RemoteEndpoint handleCancellation
WARNING: Unmatched cancel notification for request id 298
[0m2021.12.09 10:43:39 WARN  no build target for: /Users/artem/Projects/Functional Programming/Lab4/src/main/scala/Sequence.scala[0m
[0m2021.12.09 10:47:10 WARN  no build target for: /Users/artem/Projects/Functional Programming/Lab4/src/main/scala/Sequence.scala[0m
дек. 09, 2021 11:28:22 AM org.eclipse.lsp4j.jsonrpc.RemoteEndpoint handleCancellation
WARNING: Unmatched cancel notification for request id 604
дек. 09, 2021 11:28:38 AM org.eclipse.lsp4j.jsonrpc.RemoteEndpoint handleCancellation
WARNING: Unmatched cancel notification for request id 621
[0m2021.12.09 11:31:37 WARN  no build target for: /Users/artem/Projects/Functional Programming/Lab4/src/main/scala/Adts.scala[0m
[0m2021.12.09 11:32:59 WARN  no build target for: /Users/artem/Projects/Functional Programming/Lab4/src/main/scala/Maps.scala[0m
дек. 09, 2021 11:34:45 AM org.eclipse.lsp4j.jsonrpc.RemoteEndpoint handleCancellation
WARNING: Unmatched cancel notification for request id 903
[0m2021.12.09 11:34:56 WARN  no build target for: /Users/artem/Projects/Functional Programming/Lab4/src/main/scala/Maps.scala[0m
[0m2021.12.09 11:35:15 WARN  no build target for: /Users/artem/Projects/Functional Programming/Lab4/src/main/scala/Maps.scala[0m
[0m2021.12.09 11:35:16 WARN  no build target for: /Users/artem/Projects/Functional Programming/Lab4/src/main/scala/Strings.scala[0m
дек. 09, 2021 11:37:49 AM org.eclipse.lsp4j.jsonrpc.RemoteEndpoint handleCancellation
WARNING: Unmatched cancel notification for request id 1041
[0m2021.12.09 11:39:26 WARN  no build target for: /Users/artem/Projects/Functional Programming/Lab4/src/main/scala/Main.scala[0m
[0m2021.12.09 11:46:47 WARN  no build target for: /Users/artem/Projects/Functional Programming/Lab4/src/main/scala/Sequence.scala[0m
[0m2021.12.09 11:46:48 WARN  no build target for: /Users/artem/Projects/Functional Programming/Lab4/src/main/scala/Strings.scala[0m
дек. 09, 2021 11:46:51 AM org.eclipse.lsp4j.jsonrpc.RemoteEndpoint handleCancellation
WARNING: Unmatched cancel notification for request id 1100
дек. 09, 2021 11:48:04 AM org.eclipse.lsp4j.jsonrpc.RemoteEndpoint handleCancellation
WARNING: Unmatched cancel notification for request id 1204
дек. 09, 2021 11:48:06 AM org.eclipse.lsp4j.jsonrpc.RemoteEndpoint handleCancellation
WARNING: Unmatched cancel notification for request id 1220
[0m2021.12.09 11:48:18 WARN  no build target for: /Users/artem/Projects/Functional Programming/Lab4/src/main/scala/Adts.scala[0m
дек. 09, 2021 11:48:34 AM org.eclipse.lsp4j.jsonrpc.RemoteEndpoint handleCancellation
WARNING: Unmatched cancel notification for request id 1271
дек. 09, 2021 11:48:43 AM org.eclipse.lsp4j.jsonrpc.RemoteEndpoint handleCancellation
WARNING: Unmatched cancel notification for request id 1279
[0m2021.12.09 11:48:43 WARN  no build target for: /Users/artem/Projects/Functional Programming/Lab4/src/main/scala/Sequence.scala[0m
[0m2021.12.09 12:21:04 INFO  shutting down Metals[0m
[0m2021.12.11 13:55:46 INFO  Started: Metals version 0.10.9 in workspace '/Users/artem/Projects/Functional Programming/Lab4' for client Visual Studio Code 1.62.3.[0m
[0m2021.12.11 13:55:50 INFO  time: initialize in 4.48s[0m
[0m2021.12.11 13:55:51 WARN  Build server is not auto-connectable.[0m
[0m2021.12.11 13:55:51 WARN  no build target for: /Users/artem/Projects/Functional Programming/Lab4/src/main/scala/Sequence.scala[0m
[0m2021.12.11 13:55:51 WARN  no build target for: /Users/artem/Projects/Functional Programming/Lab4/src/main/scala/Adts.scala[0m
[0m2021.12.11 13:55:51 INFO  skipping build import with status 'Requested'[0m
[0m2021.12.11 13:55:59 INFO  no build target: using presentation compiler with only scala-library: 3.1.0[0m
[0m2021.12.11 13:56:03 INFO  time: code lens generation in 9.54s[0m
[0m2021.12.12 13:26:23 INFO  shutting down Metals[0m
